[2015-05-11 21:34:40] local.ERROR: exception 'PDOException' with message 'SQLSTATE[HY000] [1045] Access denied for user 'homestead'@'localhost' (using password: YES)' in D:\SITES\laravel_v0\laravel\vendor\laravel\framework\src\Illuminate\Database\Connectors\Connector.php:47
Stack trace:
#0 D:\SITES\laravel_v0\laravel\vendor\laravel\framework\src\Illuminate\Database\Connectors\Connector.php(47): PDO->__construct('mysql:host=loca...', 'homestead', 'secret', Array)
#1 D:\SITES\laravel_v0\laravel\vendor\laravel\framework\src\Illuminate\Database\Connectors\MySqlConnector.php(20): Illuminate\Database\Connectors\Connector->createConnection('mysql:host=loca...', Array, Array)
#2 D:\SITES\laravel_v0\laravel\vendor\compiled.php(10673): Illuminate\Database\Connectors\MySqlConnector->connect(Array)
#3 D:\SITES\laravel_v0\laravel\vendor\compiled.php(10669): Illuminate\Database\Connectors\ConnectionFactory->createSingleConnection(Array)
#4 D:\SITES\laravel_v0\laravel\vendor\compiled.php(10587): Illuminate\Database\Connectors\ConnectionFactory->make(Array, 'mysql')
#5 D:\SITES\laravel_v0\laravel\vendor\compiled.php(10542): Illuminate\Database\DatabaseManager->makeConnection('mysql')
#6 D:\SITES\laravel_v0\laravel\vendor\compiled.php(10636): Illuminate\Database\DatabaseManager->connection()
#7 D:\SITES\laravel_v0\laravel\vendor\compiled.php(5301): Illuminate\Database\DatabaseManager->__call('select', Array)
#8 D:\SITES\laravel_v0\laravel\vendor\compiled.php(5301): Illuminate\Database\DatabaseManager->select('select database...')
#9 D:\SITES\laravel_v0\laravel\app\Http\routes.php(32): Illuminate\Support\Facades\Facade::__callStatic('select', Array)
#10 D:\SITES\laravel_v0\laravel\app\Http\routes.php(32): Illuminate\Support\Facades\DB::select('select database...')
#11 [internal function]: App\Providers\RouteServiceProvider->{closure}()
#12 D:\SITES\laravel_v0\laravel\vendor\compiled.php(7298): call_user_func_array(Object(Closure), Array)
#13 D:\SITES\laravel_v0\laravel\vendor\compiled.php(7285): Illuminate\Routing\Route->runCallable(Object(Illuminate\Http\Request))
#14 D:\SITES\laravel_v0\laravel\vendor\compiled.php(6954): Illuminate\Routing\Route->run(Object(Illuminate\Http\Request))
#15 [internal function]: Illuminate\Routing\Router->Illuminate\Routing\{closure}(Object(Illuminate\Http\Request))
#16 D:\SITES\laravel_v0\laravel\vendor\compiled.php(8952): call_user_func(Object(Closure), Object(Illuminate\Http\Request))
#17 [internal function]: Illuminate\Pipeline\Pipeline->Illuminate\Pipeline\{closure}(Object(Illuminate\Http\Request))
#18 D:\SITES\laravel_v0\laravel\vendor\compiled.php(8935): call_user_func(Object(Closure), Object(Illuminate\Http\Request))
#19 D:\SITES\laravel_v0\laravel\vendor\compiled.php(6955): Illuminate\Pipeline\Pipeline->then(Object(Closure))
#20 D:\SITES\laravel_v0\laravel\vendor\compiled.php(6944): Illuminate\Routing\Router->runRouteWithinStack(Object(Illuminate\Routing\Route), Object(Illuminate\Http\Request))
#21 D:\SITES\laravel_v0\laravel\vendor\compiled.php(6929): Illuminate\Routing\Router->dispatchToRoute(Object(Illuminate\Http\Request))
#22 D:\SITES\laravel_v0\laravel\vendor\compiled.php(1935): Illuminate\Routing\Router->dispatch(Object(Illuminate\Http\Request))
#23 [internal function]: Illuminate\Foundation\Http\Kernel->Illuminate\Foundation\Http\{closure}(Object(Illuminate\Http\Request))
#24 D:\SITES\laravel_v0\laravel\vendor\compiled.php(8952): call_user_func(Object(Closure), Object(Illuminate\Http\Request))
#25 D:\SITES\laravel_v0\laravel\vendor\compiled.php(2438): Illuminate\Pipeline\Pipeline->Illuminate\Pipeline\{closure}(Object(Illuminate\Http\Request))
#26 D:\SITES\laravel_v0\laravel\app\Http\Middleware\VerifyCsrfToken.php(17): Illuminate\Foundation\Http\Middleware\VerifyCsrfToken->handle(Object(Illuminate\Http\Request), Object(Closure))
#27 D:\SITES\laravel_v0\laravel\vendor\compiled.php(8944): App\Http\Middleware\VerifyCsrfToken->handle(Object(Illuminate\Http\Request), Object(Closure))
#28 D:\SITES\laravel_v0\laravel\vendor\compiled.php(12083): Illuminate\Pipeline\Pipeline->Illuminate\Pipeline\{closure}(Object(Illuminate\Http\Request))
#29 D:\SITES\laravel_v0\laravel\vendor\compiled.php(8944): Illuminate\View\Middleware\ShareErrorsFromSession->handle(Object(Illuminate\Http\Request), Object(Closure))
#30 D:\SITES\laravel_v0\laravel\vendor\compiled.php(10785): Illuminate\Pipeline\Pipeline->Illuminate\Pipeline\{closure}(Object(Illuminate\Http\Request))
#31 D:\SITES\laravel_v0\laravel\vendor\compiled.php(8944): Illuminate\Session\Middleware\StartSession->handle(Object(Illuminate\Http\Request), Object(Closure))
#32 D:\SITES\laravel_v0\laravel\vendor\compiled.php(11789): Illuminate\Pipeline\Pipeline->Illuminate\Pipeline\{closure}(Object(Illuminate\Http\Request))
#33 D:\SITES\laravel_v0\laravel\vendor\compiled.php(8944): Illuminate\Cookie\Middleware\AddQueuedCookiesToResponse->handle(Object(Illuminate\Http\Request), Object(Closure))
#34 D:\SITES\laravel_v0\laravel\vendor\compiled.php(11738): Illuminate\Pipeline\Pipeline->Illuminate\Pipeline\{closure}(Object(Illuminate\Http\Request))
#35 D:\SITES\laravel_v0\laravel\vendor\compiled.php(8944): Illuminate\Cookie\Middleware\EncryptCookies->handle(Object(Illuminate\Http\Request), Object(Closure))
#36 D:\SITES\laravel_v0\laravel\vendor\compiled.php(2478): Illuminate\Pipeline\Pipeline->Illuminate\Pipeline\{closure}(Object(Illuminate\Http\Request))
#37 D:\SITES\laravel_v0\laravel\vendor\compiled.php(8944): Illuminate\Foundation\Http\Middleware\CheckForMaintenanceMode->handle(Object(Illuminate\Http\Request), Object(Closure))
#38 [internal function]: Illuminate\Pipeline\Pipeline->Illuminate\Pipeline\{closure}(Object(Illuminate\Http\Request))
#39 D:\SITES\laravel_v0\laravel\vendor\compiled.php(8935): call_user_func(Object(Closure), Object(Illuminate\Http\Request))
#40 D:\SITES\laravel_v0\laravel\vendor\compiled.php(1891): Illuminate\Pipeline\Pipeline->then(Object(Closure))
#41 D:\SITES\laravel_v0\laravel\vendor\compiled.php(1880): Illuminate\Foundation\Http\Kernel->sendRequestThroughRouter(Object(Illuminate\Http\Request))
#42 D:\SITES\laravel_v0\laravel\public\index.php(53): Illuminate\Foundation\Http\Kernel->handle(Object(Illuminate\Http\Request))
#43 {main}  
[2015-05-11 21:38:10] local.ERROR: exception 'PDOException' with message 'SQLSTATE[HY000] [1049] Unknown database 'homestead'' in D:\SITES\laravel_v0\laravel\vendor\laravel\framework\src\Illuminate\Database\Connectors\Connector.php:47
Stack trace:
#0 D:\SITES\laravel_v0\laravel\vendor\laravel\framework\src\Illuminate\Database\Connectors\Connector.php(47): PDO->__construct('mysql:host=loca...', NULL, NULL, Array)
#1 D:\SITES\laravel_v0\laravel\vendor\laravel\framework\src\Illuminate\Database\Connectors\MySqlConnector.php(20): Illuminate\Database\Connectors\Connector->createConnection('mysql:host=loca...', Array, Array)
#2 D:\SITES\laravel_v0\laravel\vendor\compiled.php(10673): Illuminate\Database\Connectors\MySqlConnector->connect(Array)
#3 D:\SITES\laravel_v0\laravel\vendor\compiled.php(10669): Illuminate\Database\Connectors\ConnectionFactory->createSingleConnection(Array)
#4 D:\SITES\laravel_v0\laravel\vendor\compiled.php(10587): Illuminate\Database\Connectors\ConnectionFactory->make(Array, 'mysql')
#5 D:\SITES\laravel_v0\laravel\vendor\compiled.php(10542): Illuminate\Database\DatabaseManager->makeConnection('mysql')
#6 D:\SITES\laravel_v0\laravel\vendor\compiled.php(10636): Illuminate\Database\DatabaseManager->connection()
#7 D:\SITES\laravel_v0\laravel\vendor\compiled.php(5301): Illuminate\Database\DatabaseManager->__call('select', Array)
#8 D:\SITES\laravel_v0\laravel\vendor\compiled.php(5301): Illuminate\Database\DatabaseManager->select('select database...')
#9 D:\SITES\laravel_v0\laravel\app\Http\routes.php(32): Illuminate\Support\Facades\Facade::__callStatic('select', Array)
#10 D:\SITES\laravel_v0\laravel\app\Http\routes.php(32): Illuminate\Support\Facades\DB::select('select database...')
#11 [internal function]: App\Providers\RouteServiceProvider->{closure}()
#12 D:\SITES\laravel_v0\laravel\vendor\compiled.php(7298): call_user_func_array(Object(Closure), Array)
#13 D:\SITES\laravel_v0\laravel\vendor\compiled.php(7285): Illuminate\Routing\Route->runCallable(Object(Illuminate\Http\Request))
#14 D:\SITES\laravel_v0\laravel\vendor\compiled.php(6954): Illuminate\Routing\Route->run(Object(Illuminate\Http\Request))
#15 [internal function]: Illuminate\Routing\Router->Illuminate\Routing\{closure}(Object(Illuminate\Http\Request))
#16 D:\SITES\laravel_v0\laravel\vendor\compiled.php(8952): call_user_func(Object(Closure), Object(Illuminate\Http\Request))
#17 [internal function]: Illuminate\Pipeline\Pipeline->Illuminate\Pipeline\{closure}(Object(Illuminate\Http\Request))
#18 D:\SITES\laravel_v0\laravel\vendor\compiled.php(8935): call_user_func(Object(Closure), Object(Illuminate\Http\Request))
#19 D:\SITES\laravel_v0\laravel\vendor\compiled.php(6955): Illuminate\Pipeline\Pipeline->then(Object(Closure))
#20 D:\SITES\laravel_v0\laravel\vendor\compiled.php(6944): Illuminate\Routing\Router->runRouteWithinStack(Object(Illuminate\Routing\Route), Object(Illuminate\Http\Request))
#21 D:\SITES\laravel_v0\laravel\vendor\compiled.php(6929): Illuminate\Routing\Router->dispatchToRoute(Object(Illuminate\Http\Request))
#22 D:\SITES\laravel_v0\laravel\vendor\compiled.php(1935): Illuminate\Routing\Router->dispatch(Object(Illuminate\Http\Request))
#23 [internal function]: Illuminate\Foundation\Http\Kernel->Illuminate\Foundation\Http\{closure}(Object(Illuminate\Http\Request))
#24 D:\SITES\laravel_v0\laravel\vendor\compiled.php(8952): call_user_func(Object(Closure), Object(Illuminate\Http\Request))
#25 D:\SITES\laravel_v0\laravel\vendor\compiled.php(2438): Illuminate\Pipeline\Pipeline->Illuminate\Pipeline\{closure}(Object(Illuminate\Http\Request))
#26 D:\SITES\laravel_v0\laravel\app\Http\Middleware\VerifyCsrfToken.php(17): Illuminate\Foundation\Http\Middleware\VerifyCsrfToken->handle(Object(Illuminate\Http\Request), Object(Closure))
#27 D:\SITES\laravel_v0\laravel\vendor\compiled.php(8944): App\Http\Middleware\VerifyCsrfToken->handle(Object(Illuminate\Http\Request), Object(Closure))
#28 D:\SITES\laravel_v0\laravel\vendor\compiled.php(12083): Illuminate\Pipeline\Pipeline->Illuminate\Pipeline\{closure}(Object(Illuminate\Http\Request))
#29 D:\SITES\laravel_v0\laravel\vendor\compiled.php(8944): Illuminate\View\Middleware\ShareErrorsFromSession->handle(Object(Illuminate\Http\Request), Object(Closure))
#30 D:\SITES\laravel_v0\laravel\vendor\compiled.php(10785): Illuminate\Pipeline\Pipeline->Illuminate\Pipeline\{closure}(Object(Illuminate\Http\Request))
#31 D:\SITES\laravel_v0\laravel\vendor\compiled.php(8944): Illuminate\Session\Middleware\StartSession->handle(Object(Illuminate\Http\Request), Object(Closure))
#32 D:\SITES\laravel_v0\laravel\vendor\compiled.php(11789): Illuminate\Pipeline\Pipeline->Illuminate\Pipeline\{closure}(Object(Illuminate\Http\Request))
#33 D:\SITES\laravel_v0\laravel\vendor\compiled.php(8944): Illuminate\Cookie\Middleware\AddQueuedCookiesToResponse->handle(Object(Illuminate\Http\Request), Object(Closure))
#34 D:\SITES\laravel_v0\laravel\vendor\compiled.php(11738): Illuminate\Pipeline\Pipeline->Illuminate\Pipeline\{closure}(Object(Illuminate\Http\Request))
#35 D:\SITES\laravel_v0\laravel\vendor\compiled.php(8944): Illuminate\Cookie\Middleware\EncryptCookies->handle(Object(Illuminate\Http\Request), Object(Closure))
#36 D:\SITES\laravel_v0\laravel\vendor\compiled.php(2478): Illuminate\Pipeline\Pipeline->Illuminate\Pipeline\{closure}(Object(Illuminate\Http\Request))
#37 D:\SITES\laravel_v0\laravel\vendor\compiled.php(8944): Illuminate\Foundation\Http\Middleware\CheckForMaintenanceMode->handle(Object(Illuminate\Http\Request), Object(Closure))
#38 [internal function]: Illuminate\Pipeline\Pipeline->Illuminate\Pipeline\{closure}(Object(Illuminate\Http\Request))
#39 D:\SITES\laravel_v0\laravel\vendor\compiled.php(8935): call_user_func(Object(Closure), Object(Illuminate\Http\Request))
#40 D:\SITES\laravel_v0\laravel\vendor\compiled.php(1891): Illuminate\Pipeline\Pipeline->then(Object(Closure))
#41 D:\SITES\laravel_v0\laravel\vendor\compiled.php(1880): Illuminate\Foundation\Http\Kernel->sendRequestThroughRouter(Object(Illuminate\Http\Request))
#42 D:\SITES\laravel_v0\laravel\public\index.php(53): Illuminate\Foundation\Http\Kernel->handle(Object(Illuminate\Http\Request))
#43 {main}  
[2015-05-11 21:38:19] local.ERROR: exception 'PDOException' with message 'SQLSTATE[HY000] [1049] Unknown database 'homestead'' in D:\SITES\laravel_v0\laravel\vendor\laravel\framework\src\Illuminate\Database\Connectors\Connector.php:47
Stack trace:
#0 D:\SITES\laravel_v0\laravel\vendor\laravel\framework\src\Illuminate\Database\Connectors\Connector.php(47): PDO->__construct('mysql:host=loca...', NULL, NULL, Array)
#1 D:\SITES\laravel_v0\laravel\vendor\laravel\framework\src\Illuminate\Database\Connectors\MySqlConnector.php(20): Illuminate\Database\Connectors\Connector->createConnection('mysql:host=loca...', Array, Array)
#2 D:\SITES\laravel_v0\laravel\vendor\compiled.php(10673): Illuminate\Database\Connectors\MySqlConnector->connect(Array)
#3 D:\SITES\laravel_v0\laravel\vendor\compiled.php(10669): Illuminate\Database\Connectors\ConnectionFactory->createSingleConnection(Array)
#4 D:\SITES\laravel_v0\laravel\vendor\compiled.php(10587): Illuminate\Database\Connectors\ConnectionFactory->make(Array, 'mysql')
#5 D:\SITES\laravel_v0\laravel\vendor\compiled.php(10542): Illuminate\Database\DatabaseManager->makeConnection('mysql')
#6 D:\SITES\laravel_v0\laravel\vendor\compiled.php(10636): Illuminate\Database\DatabaseManager->connection()
#7 D:\SITES\laravel_v0\laravel\vendor\compiled.php(5301): Illuminate\Database\DatabaseManager->__call('select', Array)
#8 D:\SITES\laravel_v0\laravel\vendor\compiled.php(5301): Illuminate\Database\DatabaseManager->select('select database...')
#9 D:\SITES\laravel_v0\laravel\app\Http\routes.php(32): Illuminate\Support\Facades\Facade::__callStatic('select', Array)
#10 D:\SITES\laravel_v0\laravel\app\Http\routes.php(32): Illuminate\Support\Facades\DB::select('select database...')
#11 [internal function]: App\Providers\RouteServiceProvider->{closure}()
#12 D:\SITES\laravel_v0\laravel\vendor\compiled.php(7298): call_user_func_array(Object(Closure), Array)
#13 D:\SITES\laravel_v0\laravel\vendor\compiled.php(7285): Illuminate\Routing\Route->runCallable(Object(Illuminate\Http\Request))
#14 D:\SITES\laravel_v0\laravel\vendor\compiled.php(6954): Illuminate\Routing\Route->run(Object(Illuminate\Http\Request))
#15 [internal function]: Illuminate\Routing\Router->Illuminate\Routing\{closure}(Object(Illuminate\Http\Request))
#16 D:\SITES\laravel_v0\laravel\vendor\compiled.php(8952): call_user_func(Object(Closure), Object(Illuminate\Http\Request))
#17 [internal function]: Illuminate\Pipeline\Pipeline->Illuminate\Pipeline\{closure}(Object(Illuminate\Http\Request))
#18 D:\SITES\laravel_v0\laravel\vendor\compiled.php(8935): call_user_func(Object(Closure), Object(Illuminate\Http\Request))
#19 D:\SITES\laravel_v0\laravel\vendor\compiled.php(6955): Illuminate\Pipeline\Pipeline->then(Object(Closure))
#20 D:\SITES\laravel_v0\laravel\vendor\compiled.php(6944): Illuminate\Routing\Router->runRouteWithinStack(Object(Illuminate\Routing\Route), Object(Illuminate\Http\Request))
#21 D:\SITES\laravel_v0\laravel\vendor\compiled.php(6929): Illuminate\Routing\Router->dispatchToRoute(Object(Illuminate\Http\Request))
#22 D:\SITES\laravel_v0\laravel\vendor\compiled.php(1935): Illuminate\Routing\Router->dispatch(Object(Illuminate\Http\Request))
#23 [internal function]: Illuminate\Foundation\Http\Kernel->Illuminate\Foundation\Http\{closure}(Object(Illuminate\Http\Request))
#24 D:\SITES\laravel_v0\laravel\vendor\compiled.php(8952): call_user_func(Object(Closure), Object(Illuminate\Http\Request))
#25 D:\SITES\laravel_v0\laravel\vendor\compiled.php(2438): Illuminate\Pipeline\Pipeline->Illuminate\Pipeline\{closure}(Object(Illuminate\Http\Request))
#26 D:\SITES\laravel_v0\laravel\app\Http\Middleware\VerifyCsrfToken.php(17): Illuminate\Foundation\Http\Middleware\VerifyCsrfToken->handle(Object(Illuminate\Http\Request), Object(Closure))
#27 D:\SITES\laravel_v0\laravel\vendor\compiled.php(8944): App\Http\Middleware\VerifyCsrfToken->handle(Object(Illuminate\Http\Request), Object(Closure))
#28 D:\SITES\laravel_v0\laravel\vendor\compiled.php(12083): Illuminate\Pipeline\Pipeline->Illuminate\Pipeline\{closure}(Object(Illuminate\Http\Request))
#29 D:\SITES\laravel_v0\laravel\vendor\compiled.php(8944): Illuminate\View\Middleware\ShareErrorsFromSession->handle(Object(Illuminate\Http\Request), Object(Closure))
#30 D:\SITES\laravel_v0\laravel\vendor\compiled.php(10785): Illuminate\Pipeline\Pipeline->Illuminate\Pipeline\{closure}(Object(Illuminate\Http\Request))
#31 D:\SITES\laravel_v0\laravel\vendor\compiled.php(8944): Illuminate\Session\Middleware\StartSession->handle(Object(Illuminate\Http\Request), Object(Closure))
#32 D:\SITES\laravel_v0\laravel\vendor\compiled.php(11789): Illuminate\Pipeline\Pipeline->Illuminate\Pipeline\{closure}(Object(Illuminate\Http\Request))
#33 D:\SITES\laravel_v0\laravel\vendor\compiled.php(8944): Illuminate\Cookie\Middleware\AddQueuedCookiesToResponse->handle(Object(Illuminate\Http\Request), Object(Closure))
#34 D:\SITES\laravel_v0\laravel\vendor\compiled.php(11738): Illuminate\Pipeline\Pipeline->Illuminate\Pipeline\{closure}(Object(Illuminate\Http\Request))
#35 D:\SITES\laravel_v0\laravel\vendor\compiled.php(8944): Illuminate\Cookie\Middleware\EncryptCookies->handle(Object(Illuminate\Http\Request), Object(Closure))
#36 D:\SITES\laravel_v0\laravel\vendor\compiled.php(2478): Illuminate\Pipeline\Pipeline->Illuminate\Pipeline\{closure}(Object(Illuminate\Http\Request))
#37 D:\SITES\laravel_v0\laravel\vendor\compiled.php(8944): Illuminate\Foundation\Http\Middleware\CheckForMaintenanceMode->handle(Object(Illuminate\Http\Request), Object(Closure))
#38 [internal function]: Illuminate\Pipeline\Pipeline->Illuminate\Pipeline\{closure}(Object(Illuminate\Http\Request))
#39 D:\SITES\laravel_v0\laravel\vendor\compiled.php(8935): call_user_func(Object(Closure), Object(Illuminate\Http\Request))
#40 D:\SITES\laravel_v0\laravel\vendor\compiled.php(1891): Illuminate\Pipeline\Pipeline->then(Object(Closure))
#41 D:\SITES\laravel_v0\laravel\vendor\compiled.php(1880): Illuminate\Foundation\Http\Kernel->sendRequestThroughRouter(Object(Illuminate\Http\Request))
#42 D:\SITES\laravel_v0\laravel\public\index.php(53): Illuminate\Foundation\Http\Kernel->handle(Object(Illuminate\Http\Request))
#43 {main}  
[2015-05-11 22:52:43] local.ERROR: exception 'PDOException' with message 'SQLSTATE[HY000] [1049] Unknown database 'homestead'' in D:\SITES\laravel_v0\laravel\vendor\laravel\framework\src\Illuminate\Database\Connectors\Connector.php:47
Stack trace:
#0 D:\SITES\laravel_v0\laravel\vendor\laravel\framework\src\Illuminate\Database\Connectors\Connector.php(47): PDO->__construct('mysql:host=loca...', NULL, NULL, Array)
#1 D:\SITES\laravel_v0\laravel\vendor\laravel\framework\src\Illuminate\Database\Connectors\MySqlConnector.php(20): Illuminate\Database\Connectors\Connector->createConnection('mysql:host=loca...', Array, Array)
#2 D:\SITES\laravel_v0\laravel\vendor\compiled.php(10673): Illuminate\Database\Connectors\MySqlConnector->connect(Array)
#3 D:\SITES\laravel_v0\laravel\vendor\compiled.php(10669): Illuminate\Database\Connectors\ConnectionFactory->createSingleConnection(Array)
#4 D:\SITES\laravel_v0\laravel\vendor\compiled.php(10587): Illuminate\Database\Connectors\ConnectionFactory->make(Array, 'mysql')
#5 D:\SITES\laravel_v0\laravel\vendor\compiled.php(10542): Illuminate\Database\DatabaseManager->makeConnection('mysql')
#6 D:\SITES\laravel_v0\laravel\vendor\compiled.php(10636): Illuminate\Database\DatabaseManager->connection()
#7 D:\SITES\laravel_v0\laravel\vendor\compiled.php(5301): Illuminate\Database\DatabaseManager->__call('select', Array)
#8 D:\SITES\laravel_v0\laravel\vendor\compiled.php(5301): Illuminate\Database\DatabaseManager->select('select database...')
#9 D:\SITES\laravel_v0\laravel\app\Http\routes.php(32): Illuminate\Support\Facades\Facade::__callStatic('select', Array)
#10 D:\SITES\laravel_v0\laravel\app\Http\routes.php(32): Illuminate\Support\Facades\DB::select('select database...')
#11 [internal function]: App\Providers\RouteServiceProvider->{closure}()
#12 D:\SITES\laravel_v0\laravel\vendor\compiled.php(7298): call_user_func_array(Object(Closure), Array)
#13 D:\SITES\laravel_v0\laravel\vendor\compiled.php(7285): Illuminate\Routing\Route->runCallable(Object(Illuminate\Http\Request))
#14 D:\SITES\laravel_v0\laravel\vendor\compiled.php(6954): Illuminate\Routing\Route->run(Object(Illuminate\Http\Request))
#15 [internal function]: Illuminate\Routing\Router->Illuminate\Routing\{closure}(Object(Illuminate\Http\Request))
#16 D:\SITES\laravel_v0\laravel\vendor\compiled.php(8952): call_user_func(Object(Closure), Object(Illuminate\Http\Request))
#17 [internal function]: Illuminate\Pipeline\Pipeline->Illuminate\Pipeline\{closure}(Object(Illuminate\Http\Request))
#18 D:\SITES\laravel_v0\laravel\vendor\compiled.php(8935): call_user_func(Object(Closure), Object(Illuminate\Http\Request))
#19 D:\SITES\laravel_v0\laravel\vendor\compiled.php(6955): Illuminate\Pipeline\Pipeline->then(Object(Closure))
#20 D:\SITES\laravel_v0\laravel\vendor\compiled.php(6944): Illuminate\Routing\Router->runRouteWithinStack(Object(Illuminate\Routing\Route), Object(Illuminate\Http\Request))
#21 D:\SITES\laravel_v0\laravel\vendor\compiled.php(6929): Illuminate\Routing\Router->dispatchToRoute(Object(Illuminate\Http\Request))
#22 D:\SITES\laravel_v0\laravel\vendor\compiled.php(1935): Illuminate\Routing\Router->dispatch(Object(Illuminate\Http\Request))
#23 [internal function]: Illuminate\Foundation\Http\Kernel->Illuminate\Foundation\Http\{closure}(Object(Illuminate\Http\Request))
#24 D:\SITES\laravel_v0\laravel\vendor\compiled.php(8952): call_user_func(Object(Closure), Object(Illuminate\Http\Request))
#25 D:\SITES\laravel_v0\laravel\vendor\compiled.php(2438): Illuminate\Pipeline\Pipeline->Illuminate\Pipeline\{closure}(Object(Illuminate\Http\Request))
#26 D:\SITES\laravel_v0\laravel\app\Http\Middleware\VerifyCsrfToken.php(17): Illuminate\Foundation\Http\Middleware\VerifyCsrfToken->handle(Object(Illuminate\Http\Request), Object(Closure))
#27 D:\SITES\laravel_v0\laravel\vendor\compiled.php(8944): App\Http\Middleware\VerifyCsrfToken->handle(Object(Illuminate\Http\Request), Object(Closure))
#28 D:\SITES\laravel_v0\laravel\vendor\compiled.php(12083): Illuminate\Pipeline\Pipeline->Illuminate\Pipeline\{closure}(Object(Illuminate\Http\Request))
#29 D:\SITES\laravel_v0\laravel\vendor\compiled.php(8944): Illuminate\View\Middleware\ShareErrorsFromSession->handle(Object(Illuminate\Http\Request), Object(Closure))
#30 D:\SITES\laravel_v0\laravel\vendor\compiled.php(10785): Illuminate\Pipeline\Pipeline->Illuminate\Pipeline\{closure}(Object(Illuminate\Http\Request))
#31 D:\SITES\laravel_v0\laravel\vendor\compiled.php(8944): Illuminate\Session\Middleware\StartSession->handle(Object(Illuminate\Http\Request), Object(Closure))
#32 D:\SITES\laravel_v0\laravel\vendor\compiled.php(11789): Illuminate\Pipeline\Pipeline->Illuminate\Pipeline\{closure}(Object(Illuminate\Http\Request))
#33 D:\SITES\laravel_v0\laravel\vendor\compiled.php(8944): Illuminate\Cookie\Middleware\AddQueuedCookiesToResponse->handle(Object(Illuminate\Http\Request), Object(Closure))
#34 D:\SITES\laravel_v0\laravel\vendor\compiled.php(11738): Illuminate\Pipeline\Pipeline->Illuminate\Pipeline\{closure}(Object(Illuminate\Http\Request))
#35 D:\SITES\laravel_v0\laravel\vendor\compiled.php(8944): Illuminate\Cookie\Middleware\EncryptCookies->handle(Object(Illuminate\Http\Request), Object(Closure))
#36 D:\SITES\laravel_v0\laravel\vendor\compiled.php(2478): Illuminate\Pipeline\Pipeline->Illuminate\Pipeline\{closure}(Object(Illuminate\Http\Request))
#37 D:\SITES\laravel_v0\laravel\vendor\compiled.php(8944): Illuminate\Foundation\Http\Middleware\CheckForMaintenanceMode->handle(Object(Illuminate\Http\Request), Object(Closure))
#38 [internal function]: Illuminate\Pipeline\Pipeline->Illuminate\Pipeline\{closure}(Object(Illuminate\Http\Request))
#39 D:\SITES\laravel_v0\laravel\vendor\compiled.php(8935): call_user_func(Object(Closure), Object(Illuminate\Http\Request))
#40 D:\SITES\laravel_v0\laravel\vendor\compiled.php(1891): Illuminate\Pipeline\Pipeline->then(Object(Closure))
#41 D:\SITES\laravel_v0\laravel\vendor\compiled.php(1880): Illuminate\Foundation\Http\Kernel->sendRequestThroughRouter(Object(Illuminate\Http\Request))
#42 D:\SITES\laravel_v0\laravel\public\index.php(53): Illuminate\Foundation\Http\Kernel->handle(Object(Illuminate\Http\Request))
#43 {main}  
[2015-05-11 22:52:46] local.ERROR: exception 'PDOException' with message 'SQLSTATE[HY000] [1049] Unknown database 'homestead'' in D:\SITES\laravel_v0\laravel\vendor\laravel\framework\src\Illuminate\Database\Connectors\Connector.php:47
Stack trace:
#0 D:\SITES\laravel_v0\laravel\vendor\laravel\framework\src\Illuminate\Database\Connectors\Connector.php(47): PDO->__construct('mysql:host=loca...', NULL, NULL, Array)
#1 D:\SITES\laravel_v0\laravel\vendor\laravel\framework\src\Illuminate\Database\Connectors\MySqlConnector.php(20): Illuminate\Database\Connectors\Connector->createConnection('mysql:host=loca...', Array, Array)
#2 D:\SITES\laravel_v0\laravel\vendor\compiled.php(10673): Illuminate\Database\Connectors\MySqlConnector->connect(Array)
#3 D:\SITES\laravel_v0\laravel\vendor\compiled.php(10669): Illuminate\Database\Connectors\ConnectionFactory->createSingleConnection(Array)
#4 D:\SITES\laravel_v0\laravel\vendor\compiled.php(10587): Illuminate\Database\Connectors\ConnectionFactory->make(Array, 'mysql')
#5 D:\SITES\laravel_v0\laravel\vendor\compiled.php(10542): Illuminate\Database\DatabaseManager->makeConnection('mysql')
#6 D:\SITES\laravel_v0\laravel\vendor\compiled.php(10636): Illuminate\Database\DatabaseManager->connection()
#7 D:\SITES\laravel_v0\laravel\vendor\compiled.php(5301): Illuminate\Database\DatabaseManager->__call('select', Array)
#8 D:\SITES\laravel_v0\laravel\vendor\compiled.php(5301): Illuminate\Database\DatabaseManager->select('select database...')
#9 D:\SITES\laravel_v0\laravel\app\Http\routes.php(32): Illuminate\Support\Facades\Facade::__callStatic('select', Array)
#10 D:\SITES\laravel_v0\laravel\app\Http\routes.php(32): Illuminate\Support\Facades\DB::select('select database...')
#11 [internal function]: App\Providers\RouteServiceProvider->{closure}()
#12 D:\SITES\laravel_v0\laravel\vendor\compiled.php(7298): call_user_func_array(Object(Closure), Array)
#13 D:\SITES\laravel_v0\laravel\vendor\compiled.php(7285): Illuminate\Routing\Route->runCallable(Object(Illuminate\Http\Request))
#14 D:\SITES\laravel_v0\laravel\vendor\compiled.php(6954): Illuminate\Routing\Route->run(Object(Illuminate\Http\Request))
#15 [internal function]: Illuminate\Routing\Router->Illuminate\Routing\{closure}(Object(Illuminate\Http\Request))
#16 D:\SITES\laravel_v0\laravel\vendor\compiled.php(8952): call_user_func(Object(Closure), Object(Illuminate\Http\Request))
#17 [internal function]: Illuminate\Pipeline\Pipeline->Illuminate\Pipeline\{closure}(Object(Illuminate\Http\Request))
#18 D:\SITES\laravel_v0\laravel\vendor\compiled.php(8935): call_user_func(Object(Closure), Object(Illuminate\Http\Request))
#19 D:\SITES\laravel_v0\laravel\vendor\compiled.php(6955): Illuminate\Pipeline\Pipeline->then(Object(Closure))
#20 D:\SITES\laravel_v0\laravel\vendor\compiled.php(6944): Illuminate\Routing\Router->runRouteWithinStack(Object(Illuminate\Routing\Route), Object(Illuminate\Http\Request))
#21 D:\SITES\laravel_v0\laravel\vendor\compiled.php(6929): Illuminate\Routing\Router->dispatchToRoute(Object(Illuminate\Http\Request))
#22 D:\SITES\laravel_v0\laravel\vendor\compiled.php(1935): Illuminate\Routing\Router->dispatch(Object(Illuminate\Http\Request))
#23 [internal function]: Illuminate\Foundation\Http\Kernel->Illuminate\Foundation\Http\{closure}(Object(Illuminate\Http\Request))
#24 D:\SITES\laravel_v0\laravel\vendor\compiled.php(8952): call_user_func(Object(Closure), Object(Illuminate\Http\Request))
#25 D:\SITES\laravel_v0\laravel\vendor\compiled.php(2438): Illuminate\Pipeline\Pipeline->Illuminate\Pipeline\{closure}(Object(Illuminate\Http\Request))
#26 D:\SITES\laravel_v0\laravel\app\Http\Middleware\VerifyCsrfToken.php(17): Illuminate\Foundation\Http\Middleware\VerifyCsrfToken->handle(Object(Illuminate\Http\Request), Object(Closure))
#27 D:\SITES\laravel_v0\laravel\vendor\compiled.php(8944): App\Http\Middleware\VerifyCsrfToken->handle(Object(Illuminate\Http\Request), Object(Closure))
#28 D:\SITES\laravel_v0\laravel\vendor\compiled.php(12083): Illuminate\Pipeline\Pipeline->Illuminate\Pipeline\{closure}(Object(Illuminate\Http\Request))
#29 D:\SITES\laravel_v0\laravel\vendor\compiled.php(8944): Illuminate\View\Middleware\ShareErrorsFromSession->handle(Object(Illuminate\Http\Request), Object(Closure))
#30 D:\SITES\laravel_v0\laravel\vendor\compiled.php(10785): Illuminate\Pipeline\Pipeline->Illuminate\Pipeline\{closure}(Object(Illuminate\Http\Request))
#31 D:\SITES\laravel_v0\laravel\vendor\compiled.php(8944): Illuminate\Session\Middleware\StartSession->handle(Object(Illuminate\Http\Request), Object(Closure))
#32 D:\SITES\laravel_v0\laravel\vendor\compiled.php(11789): Illuminate\Pipeline\Pipeline->Illuminate\Pipeline\{closure}(Object(Illuminate\Http\Request))
#33 D:\SITES\laravel_v0\laravel\vendor\compiled.php(8944): Illuminate\Cookie\Middleware\AddQueuedCookiesToResponse->handle(Object(Illuminate\Http\Request), Object(Closure))
#34 D:\SITES\laravel_v0\laravel\vendor\compiled.php(11738): Illuminate\Pipeline\Pipeline->Illuminate\Pipeline\{closure}(Object(Illuminate\Http\Request))
#35 D:\SITES\laravel_v0\laravel\vendor\compiled.php(8944): Illuminate\Cookie\Middleware\EncryptCookies->handle(Object(Illuminate\Http\Request), Object(Closure))
#36 D:\SITES\laravel_v0\laravel\vendor\compiled.php(2478): Illuminate\Pipeline\Pipeline->Illuminate\Pipeline\{closure}(Object(Illuminate\Http\Request))
#37 D:\SITES\laravel_v0\laravel\vendor\compiled.php(8944): Illuminate\Foundation\Http\Middleware\CheckForMaintenanceMode->handle(Object(Illuminate\Http\Request), Object(Closure))
#38 [internal function]: Illuminate\Pipeline\Pipeline->Illuminate\Pipeline\{closure}(Object(Illuminate\Http\Request))
#39 D:\SITES\laravel_v0\laravel\vendor\compiled.php(8935): call_user_func(Object(Closure), Object(Illuminate\Http\Request))
#40 D:\SITES\laravel_v0\laravel\vendor\compiled.php(1891): Illuminate\Pipeline\Pipeline->then(Object(Closure))
#41 D:\SITES\laravel_v0\laravel\vendor\compiled.php(1880): Illuminate\Foundation\Http\Kernel->sendRequestThroughRouter(Object(Illuminate\Http\Request))
#42 D:\SITES\laravel_v0\laravel\public\index.php(53): Illuminate\Foundation\Http\Kernel->handle(Object(Illuminate\Http\Request))
#43 {main}  
