[2015-05-07 19:13:25] local.ERROR: exception 'InvalidArgumentException' with message 'View [welcome2] not found.' in D:\SITES\laravel_v0\laravel\vendor\compiled.php:12898
Stack trace:
#0 D:\SITES\laravel_v0\laravel\vendor\compiled.php(12871): Illuminate\View\FileViewFinder->findInPaths('welcome2', Array)
#1 D:\SITES\laravel_v0\laravel\vendor\compiled.php(12996): Illuminate\View\FileViewFinder->find('welcome2')
#2 D:\SITES\laravel_v0\laravel\vendor\laravel\framework\src\Illuminate\Foundation\helpers.php(565): Illuminate\View\Factory->make('welcome2', Array, Array)
#3 D:\SITES\laravel_v0\laravel\app\Http\Controllers\WelcomeController.php(33): view('welcome2')
#4 [internal function]: App\Http\Controllers\WelcomeController->index()
#5 D:\SITES\laravel_v0\laravel\vendor\compiled.php(8287): call_user_func_array(Array, Array)
#6 D:\SITES\laravel_v0\laravel\vendor\compiled.php(8354): Illuminate\Routing\Controller->callAction('index', Array)
#7 D:\SITES\laravel_v0\laravel\vendor\compiled.php(8333): Illuminate\Routing\ControllerDispatcher->call(Object(App\Http\Controllers\WelcomeController), Object(Illuminate\Routing\Route), 'index')
#8 [internal function]: Illuminate\Routing\ControllerDispatcher->Illuminate\Routing\{closure}(Object(Illuminate\Http\Request))
#9 D:\SITES\laravel_v0\laravel\vendor\compiled.php(8952): call_user_func(Object(Closure), Object(Illuminate\Http\Request))
#10 D:\SITES\laravel_v0\laravel\app\Http\Middleware\RedirectIfAuthenticated.php(41): Illuminate\Pipeline\Pipeline->Illuminate\Pipeline\{closure}(Object(Illuminate\Http\Request))
#11 D:\SITES\laravel_v0\laravel\vendor\compiled.php(8944): App\Http\Middleware\RedirectIfAuthenticated->handle(Object(Illuminate\Http\Request), Object(Closure))
#12 [internal function]: Illuminate\Pipeline\Pipeline->Illuminate\Pipeline\{closure}(Object(Illuminate\Http\Request))
#13 D:\SITES\laravel_v0\laravel\vendor\compiled.php(8935): call_user_func(Object(Closure), Object(Illuminate\Http\Request))
#14 D:\SITES\laravel_v0\laravel\vendor\compiled.php(8334): Illuminate\Pipeline\Pipeline->then(Object(Closure))
#15 D:\SITES\laravel_v0\laravel\vendor\compiled.php(8320): Illuminate\Routing\ControllerDispatcher->callWithinStack(Object(App\Http\Controllers\WelcomeController), Object(Illuminate\Routing\Route), Object(Illuminate\Http\Request), 'index')
#16 D:\SITES\laravel_v0\laravel\vendor\compiled.php(7317): Illuminate\Routing\ControllerDispatcher->dispatch(Object(Illuminate\Routing\Route), Object(Illuminate\Http\Request), 'App\\Http\\Contro...', 'index')
#17 D:\SITES\laravel_v0\laravel\vendor\compiled.php(7288): Illuminate\Routing\Route->runWithCustomDispatcher(Object(Illuminate\Http\Request))
#18 D:\SITES\laravel_v0\laravel\vendor\compiled.php(6954): Illuminate\Routing\Route->run(Object(Illuminate\Http\Request))
#19 [internal function]: Illuminate\Routing\Router->Illuminate\Routing\{closure}(Object(Illuminate\Http\Request))
#20 D:\SITES\laravel_v0\laravel\vendor\compiled.php(8952): call_user_func(Object(Closure), Object(Illuminate\Http\Request))
#21 [internal function]: Illuminate\Pipeline\Pipeline->Illuminate\Pipeline\{closure}(Object(Illuminate\Http\Request))
#22 D:\SITES\laravel_v0\laravel\vendor\compiled.php(8935): call_user_func(Object(Closure), Object(Illuminate\Http\Request))
#23 D:\SITES\laravel_v0\laravel\vendor\compiled.php(6955): Illuminate\Pipeline\Pipeline->then(Object(Closure))
#24 D:\SITES\laravel_v0\laravel\vendor\compiled.php(6944): Illuminate\Routing\Router->runRouteWithinStack(Object(Illuminate\Routing\Route), Object(Illuminate\Http\Request))
#25 D:\SITES\laravel_v0\laravel\vendor\compiled.php(6929): Illuminate\Routing\Router->dispatchToRoute(Object(Illuminate\Http\Request))
#26 D:\SITES\laravel_v0\laravel\vendor\compiled.php(1935): Illuminate\Routing\Router->dispatch(Object(Illuminate\Http\Request))
#27 [internal function]: Illuminate\Foundation\Http\Kernel->Illuminate\Foundation\Http\{closure}(Object(Illuminate\Http\Request))
#28 D:\SITES\laravel_v0\laravel\vendor\compiled.php(8952): call_user_func(Object(Closure), Object(Illuminate\Http\Request))
#29 D:\SITES\laravel_v0\laravel\vendor\compiled.php(2438): Illuminate\Pipeline\Pipeline->Illuminate\Pipeline\{closure}(Object(Illuminate\Http\Request))
#30 D:\SITES\laravel_v0\laravel\app\Http\Middleware\VerifyCsrfToken.php(17): Illuminate\Foundation\Http\Middleware\VerifyCsrfToken->handle(Object(Illuminate\Http\Request), Object(Closure))
#31 D:\SITES\laravel_v0\laravel\vendor\compiled.php(8944): App\Http\Middleware\VerifyCsrfToken->handle(Object(Illuminate\Http\Request), Object(Closure))
#32 D:\SITES\laravel_v0\laravel\vendor\compiled.php(12083): Illuminate\Pipeline\Pipeline->Illuminate\Pipeline\{closure}(Object(Illuminate\Http\Request))
#33 D:\SITES\laravel_v0\laravel\vendor\compiled.php(8944): Illuminate\View\Middleware\ShareErrorsFromSession->handle(Object(Illuminate\Http\Request), Object(Closure))
#34 D:\SITES\laravel_v0\laravel\vendor\compiled.php(10785): Illuminate\Pipeline\Pipeline->Illuminate\Pipeline\{closure}(Object(Illuminate\Http\Request))
#35 D:\SITES\laravel_v0\laravel\vendor\compiled.php(8944): Illuminate\Session\Middleware\StartSession->handle(Object(Illuminate\Http\Request), Object(Closure))
#36 D:\SITES\laravel_v0\laravel\vendor\compiled.php(11789): Illuminate\Pipeline\Pipeline->Illuminate\Pipeline\{closure}(Object(Illuminate\Http\Request))
#37 D:\SITES\laravel_v0\laravel\vendor\compiled.php(8944): Illuminate\Cookie\Middleware\AddQueuedCookiesToResponse->handle(Object(Illuminate\Http\Request), Object(Closure))
#38 D:\SITES\laravel_v0\laravel\vendor\compiled.php(11738): Illuminate\Pipeline\Pipeline->Illuminate\Pipeline\{closure}(Object(Illuminate\Http\Request))
#39 D:\SITES\laravel_v0\laravel\vendor\compiled.php(8944): Illuminate\Cookie\Middleware\EncryptCookies->handle(Object(Illuminate\Http\Request), Object(Closure))
#40 D:\SITES\laravel_v0\laravel\vendor\compiled.php(2478): Illuminate\Pipeline\Pipeline->Illuminate\Pipeline\{closure}(Object(Illuminate\Http\Request))
#41 D:\SITES\laravel_v0\laravel\vendor\compiled.php(8944): Illuminate\Foundation\Http\Middleware\CheckForMaintenanceMode->handle(Object(Illuminate\Http\Request), Object(Closure))
#42 [internal function]: Illuminate\Pipeline\Pipeline->Illuminate\Pipeline\{closure}(Object(Illuminate\Http\Request))
#43 D:\SITES\laravel_v0\laravel\vendor\compiled.php(8935): call_user_func(Object(Closure), Object(Illuminate\Http\Request))
#44 D:\SITES\laravel_v0\laravel\vendor\compiled.php(1891): Illuminate\Pipeline\Pipeline->then(Object(Closure))
#45 D:\SITES\laravel_v0\laravel\vendor\compiled.php(1880): Illuminate\Foundation\Http\Kernel->sendRequestThroughRouter(Object(Illuminate\Http\Request))
#46 D:\SITES\laravel_v0\laravel\public\index.php(53): Illuminate\Foundation\Http\Kernel->handle(Object(Illuminate\Http\Request))
#47 {main}  
[2015-05-07 21:04:39] local.ERROR: exception 'ReflectionException' with message 'Class App\Http\Controllers\AccueilController does not exist' in D:\SITES\laravel_v0\laravel\vendor\compiled.php:1029
Stack trace:
#0 D:\SITES\laravel_v0\laravel\vendor\compiled.php(1029): ReflectionClass->__construct('App\\Http\\Contro...')
#1 D:\SITES\laravel_v0\laravel\vendor\compiled.php(980): Illuminate\Container\Container->build('App\\Http\\Contro...', Array)
#2 D:\SITES\laravel_v0\laravel\vendor\compiled.php(1493): Illuminate\Container\Container->make('App\\Http\\Contro...', Array)
#3 D:\SITES\laravel_v0\laravel\vendor\compiled.php(8327): Illuminate\Foundation\Application->make('App\\Http\\Contro...')
#4 D:\SITES\laravel_v0\laravel\vendor\compiled.php(8316): Illuminate\Routing\ControllerDispatcher->makeController('App\\Http\\Contro...')
#5 D:\SITES\laravel_v0\laravel\vendor\compiled.php(7317): Illuminate\Routing\ControllerDispatcher->dispatch(Object(Illuminate\Routing\Route), Object(Illuminate\Http\Request), 'App\\Http\\Contro...', 'index')
#6 D:\SITES\laravel_v0\laravel\vendor\compiled.php(7288): Illuminate\Routing\Route->runWithCustomDispatcher(Object(Illuminate\Http\Request))
#7 D:\SITES\laravel_v0\laravel\vendor\compiled.php(6954): Illuminate\Routing\Route->run(Object(Illuminate\Http\Request))
#8 [internal function]: Illuminate\Routing\Router->Illuminate\Routing\{closure}(Object(Illuminate\Http\Request))
#9 D:\SITES\laravel_v0\laravel\vendor\compiled.php(8952): call_user_func(Object(Closure), Object(Illuminate\Http\Request))
#10 [internal function]: Illuminate\Pipeline\Pipeline->Illuminate\Pipeline\{closure}(Object(Illuminate\Http\Request))
#11 D:\SITES\laravel_v0\laravel\vendor\compiled.php(8935): call_user_func(Object(Closure), Object(Illuminate\Http\Request))
#12 D:\SITES\laravel_v0\laravel\vendor\compiled.php(6955): Illuminate\Pipeline\Pipeline->then(Object(Closure))
#13 D:\SITES\laravel_v0\laravel\vendor\compiled.php(6944): Illuminate\Routing\Router->runRouteWithinStack(Object(Illuminate\Routing\Route), Object(Illuminate\Http\Request))
#14 D:\SITES\laravel_v0\laravel\vendor\compiled.php(6929): Illuminate\Routing\Router->dispatchToRoute(Object(Illuminate\Http\Request))
#15 D:\SITES\laravel_v0\laravel\vendor\compiled.php(1935): Illuminate\Routing\Router->dispatch(Object(Illuminate\Http\Request))
#16 [internal function]: Illuminate\Foundation\Http\Kernel->Illuminate\Foundation\Http\{closure}(Object(Illuminate\Http\Request))
#17 D:\SITES\laravel_v0\laravel\vendor\compiled.php(8952): call_user_func(Object(Closure), Object(Illuminate\Http\Request))
#18 D:\SITES\laravel_v0\laravel\vendor\compiled.php(2438): Illuminate\Pipeline\Pipeline->Illuminate\Pipeline\{closure}(Object(Illuminate\Http\Request))
#19 D:\SITES\laravel_v0\laravel\app\Http\Middleware\VerifyCsrfToken.php(17): Illuminate\Foundation\Http\Middleware\VerifyCsrfToken->handle(Object(Illuminate\Http\Request), Object(Closure))
#20 D:\SITES\laravel_v0\laravel\vendor\compiled.php(8944): App\Http\Middleware\VerifyCsrfToken->handle(Object(Illuminate\Http\Request), Object(Closure))
#21 D:\SITES\laravel_v0\laravel\vendor\compiled.php(12083): Illuminate\Pipeline\Pipeline->Illuminate\Pipeline\{closure}(Object(Illuminate\Http\Request))
#22 D:\SITES\laravel_v0\laravel\vendor\compiled.php(8944): Illuminate\View\Middleware\ShareErrorsFromSession->handle(Object(Illuminate\Http\Request), Object(Closure))
#23 D:\SITES\laravel_v0\laravel\vendor\compiled.php(10785): Illuminate\Pipeline\Pipeline->Illuminate\Pipeline\{closure}(Object(Illuminate\Http\Request))
#24 D:\SITES\laravel_v0\laravel\vendor\compiled.php(8944): Illuminate\Session\Middleware\StartSession->handle(Object(Illuminate\Http\Request), Object(Closure))
#25 D:\SITES\laravel_v0\laravel\vendor\compiled.php(11789): Illuminate\Pipeline\Pipeline->Illuminate\Pipeline\{closure}(Object(Illuminate\Http\Request))
#26 D:\SITES\laravel_v0\laravel\vendor\compiled.php(8944): Illuminate\Cookie\Middleware\AddQueuedCookiesToResponse->handle(Object(Illuminate\Http\Request), Object(Closure))
#27 D:\SITES\laravel_v0\laravel\vendor\compiled.php(11738): Illuminate\Pipeline\Pipeline->Illuminate\Pipeline\{closure}(Object(Illuminate\Http\Request))
#28 D:\SITES\laravel_v0\laravel\vendor\compiled.php(8944): Illuminate\Cookie\Middleware\EncryptCookies->handle(Object(Illuminate\Http\Request), Object(Closure))
#29 D:\SITES\laravel_v0\laravel\vendor\compiled.php(2478): Illuminate\Pipeline\Pipeline->Illuminate\Pipeline\{closure}(Object(Illuminate\Http\Request))
#30 D:\SITES\laravel_v0\laravel\vendor\compiled.php(8944): Illuminate\Foundation\Http\Middleware\CheckForMaintenanceMode->handle(Object(Illuminate\Http\Request), Object(Closure))
#31 [internal function]: Illuminate\Pipeline\Pipeline->Illuminate\Pipeline\{closure}(Object(Illuminate\Http\Request))
#32 D:\SITES\laravel_v0\laravel\vendor\compiled.php(8935): call_user_func(Object(Closure), Object(Illuminate\Http\Request))
#33 D:\SITES\laravel_v0\laravel\vendor\compiled.php(1891): Illuminate\Pipeline\Pipeline->then(Object(Closure))
#34 D:\SITES\laravel_v0\laravel\vendor\compiled.php(1880): Illuminate\Foundation\Http\Kernel->sendRequestThroughRouter(Object(Illuminate\Http\Request))
#35 D:\SITES\laravel_v0\laravel\public\index.php(53): Illuminate\Foundation\Http\Kernel->handle(Object(Illuminate\Http\Request))
#36 {main}  
[2015-05-07 21:05:26] local.ERROR: exception 'ReflectionException' with message 'Class App\Http\Controllers\AccueilController does not exist' in D:\SITES\laravel_v0\laravel\vendor\compiled.php:1029
Stack trace:
#0 D:\SITES\laravel_v0\laravel\vendor\compiled.php(1029): ReflectionClass->__construct('App\\Http\\Contro...')
#1 D:\SITES\laravel_v0\laravel\vendor\compiled.php(980): Illuminate\Container\Container->build('App\\Http\\Contro...', Array)
#2 D:\SITES\laravel_v0\laravel\vendor\compiled.php(1493): Illuminate\Container\Container->make('App\\Http\\Contro...', Array)
#3 D:\SITES\laravel_v0\laravel\vendor\compiled.php(8327): Illuminate\Foundation\Application->make('App\\Http\\Contro...')
#4 D:\SITES\laravel_v0\laravel\vendor\compiled.php(8316): Illuminate\Routing\ControllerDispatcher->makeController('App\\Http\\Contro...')
#5 D:\SITES\laravel_v0\laravel\vendor\compiled.php(7317): Illuminate\Routing\ControllerDispatcher->dispatch(Object(Illuminate\Routing\Route), Object(Illuminate\Http\Request), 'App\\Http\\Contro...', 'index')
#6 D:\SITES\laravel_v0\laravel\vendor\compiled.php(7288): Illuminate\Routing\Route->runWithCustomDispatcher(Object(Illuminate\Http\Request))
#7 D:\SITES\laravel_v0\laravel\vendor\compiled.php(6954): Illuminate\Routing\Route->run(Object(Illuminate\Http\Request))
#8 [internal function]: Illuminate\Routing\Router->Illuminate\Routing\{closure}(Object(Illuminate\Http\Request))
#9 D:\SITES\laravel_v0\laravel\vendor\compiled.php(8952): call_user_func(Object(Closure), Object(Illuminate\Http\Request))
#10 [internal function]: Illuminate\Pipeline\Pipeline->Illuminate\Pipeline\{closure}(Object(Illuminate\Http\Request))
#11 D:\SITES\laravel_v0\laravel\vendor\compiled.php(8935): call_user_func(Object(Closure), Object(Illuminate\Http\Request))
#12 D:\SITES\laravel_v0\laravel\vendor\compiled.php(6955): Illuminate\Pipeline\Pipeline->then(Object(Closure))
#13 D:\SITES\laravel_v0\laravel\vendor\compiled.php(6944): Illuminate\Routing\Router->runRouteWithinStack(Object(Illuminate\Routing\Route), Object(Illuminate\Http\Request))
#14 D:\SITES\laravel_v0\laravel\vendor\compiled.php(6929): Illuminate\Routing\Router->dispatchToRoute(Object(Illuminate\Http\Request))
#15 D:\SITES\laravel_v0\laravel\vendor\compiled.php(1935): Illuminate\Routing\Router->dispatch(Object(Illuminate\Http\Request))
#16 [internal function]: Illuminate\Foundation\Http\Kernel->Illuminate\Foundation\Http\{closure}(Object(Illuminate\Http\Request))
#17 D:\SITES\laravel_v0\laravel\vendor\compiled.php(8952): call_user_func(Object(Closure), Object(Illuminate\Http\Request))
#18 D:\SITES\laravel_v0\laravel\vendor\compiled.php(2438): Illuminate\Pipeline\Pipeline->Illuminate\Pipeline\{closure}(Object(Illuminate\Http\Request))
#19 D:\SITES\laravel_v0\laravel\app\Http\Middleware\VerifyCsrfToken.php(17): Illuminate\Foundation\Http\Middleware\VerifyCsrfToken->handle(Object(Illuminate\Http\Request), Object(Closure))
#20 D:\SITES\laravel_v0\laravel\vendor\compiled.php(8944): App\Http\Middleware\VerifyCsrfToken->handle(Object(Illuminate\Http\Request), Object(Closure))
#21 D:\SITES\laravel_v0\laravel\vendor\compiled.php(12083): Illuminate\Pipeline\Pipeline->Illuminate\Pipeline\{closure}(Object(Illuminate\Http\Request))
#22 D:\SITES\laravel_v0\laravel\vendor\compiled.php(8944): Illuminate\View\Middleware\ShareErrorsFromSession->handle(Object(Illuminate\Http\Request), Object(Closure))
#23 D:\SITES\laravel_v0\laravel\vendor\compiled.php(10785): Illuminate\Pipeline\Pipeline->Illuminate\Pipeline\{closure}(Object(Illuminate\Http\Request))
#24 D:\SITES\laravel_v0\laravel\vendor\compiled.php(8944): Illuminate\Session\Middleware\StartSession->handle(Object(Illuminate\Http\Request), Object(Closure))
#25 D:\SITES\laravel_v0\laravel\vendor\compiled.php(11789): Illuminate\Pipeline\Pipeline->Illuminate\Pipeline\{closure}(Object(Illuminate\Http\Request))
#26 D:\SITES\laravel_v0\laravel\vendor\compiled.php(8944): Illuminate\Cookie\Middleware\AddQueuedCookiesToResponse->handle(Object(Illuminate\Http\Request), Object(Closure))
#27 D:\SITES\laravel_v0\laravel\vendor\compiled.php(11738): Illuminate\Pipeline\Pipeline->Illuminate\Pipeline\{closure}(Object(Illuminate\Http\Request))
#28 D:\SITES\laravel_v0\laravel\vendor\compiled.php(8944): Illuminate\Cookie\Middleware\EncryptCookies->handle(Object(Illuminate\Http\Request), Object(Closure))
#29 D:\SITES\laravel_v0\laravel\vendor\compiled.php(2478): Illuminate\Pipeline\Pipeline->Illuminate\Pipeline\{closure}(Object(Illuminate\Http\Request))
#30 D:\SITES\laravel_v0\laravel\vendor\compiled.php(8944): Illuminate\Foundation\Http\Middleware\CheckForMaintenanceMode->handle(Object(Illuminate\Http\Request), Object(Closure))
#31 [internal function]: Illuminate\Pipeline\Pipeline->Illuminate\Pipeline\{closure}(Object(Illuminate\Http\Request))
#32 D:\SITES\laravel_v0\laravel\vendor\compiled.php(8935): call_user_func(Object(Closure), Object(Illuminate\Http\Request))
#33 D:\SITES\laravel_v0\laravel\vendor\compiled.php(1891): Illuminate\Pipeline\Pipeline->then(Object(Closure))
#34 D:\SITES\laravel_v0\laravel\vendor\compiled.php(1880): Illuminate\Foundation\Http\Kernel->sendRequestThroughRouter(Object(Illuminate\Http\Request))
#35 D:\SITES\laravel_v0\laravel\public\index.php(53): Illuminate\Foundation\Http\Kernel->handle(Object(Illuminate\Http\Request))
#36 {main}  
[2015-05-07 21:05:57] local.ERROR: exception 'ReflectionException' with message 'Class App\Http\Controllers\AccueilController does not exist' in D:\SITES\laravel_v0\laravel\vendor\compiled.php:1029
Stack trace:
#0 D:\SITES\laravel_v0\laravel\vendor\compiled.php(1029): ReflectionClass->__construct('App\\Http\\Contro...')
#1 D:\SITES\laravel_v0\laravel\vendor\compiled.php(980): Illuminate\Container\Container->build('App\\Http\\Contro...', Array)
#2 D:\SITES\laravel_v0\laravel\vendor\compiled.php(1493): Illuminate\Container\Container->make('App\\Http\\Contro...', Array)
#3 D:\SITES\laravel_v0\laravel\vendor\compiled.php(8327): Illuminate\Foundation\Application->make('App\\Http\\Contro...')
#4 D:\SITES\laravel_v0\laravel\vendor\compiled.php(8316): Illuminate\Routing\ControllerDispatcher->makeController('App\\Http\\Contro...')
#5 D:\SITES\laravel_v0\laravel\vendor\compiled.php(7317): Illuminate\Routing\ControllerDispatcher->dispatch(Object(Illuminate\Routing\Route), Object(Illuminate\Http\Request), 'App\\Http\\Contro...', 'index')
#6 D:\SITES\laravel_v0\laravel\vendor\compiled.php(7288): Illuminate\Routing\Route->runWithCustomDispatcher(Object(Illuminate\Http\Request))
#7 D:\SITES\laravel_v0\laravel\vendor\compiled.php(6954): Illuminate\Routing\Route->run(Object(Illuminate\Http\Request))
#8 [internal function]: Illuminate\Routing\Router->Illuminate\Routing\{closure}(Object(Illuminate\Http\Request))
#9 D:\SITES\laravel_v0\laravel\vendor\compiled.php(8952): call_user_func(Object(Closure), Object(Illuminate\Http\Request))
#10 [internal function]: Illuminate\Pipeline\Pipeline->Illuminate\Pipeline\{closure}(Object(Illuminate\Http\Request))
#11 D:\SITES\laravel_v0\laravel\vendor\compiled.php(8935): call_user_func(Object(Closure), Object(Illuminate\Http\Request))
#12 D:\SITES\laravel_v0\laravel\vendor\compiled.php(6955): Illuminate\Pipeline\Pipeline->then(Object(Closure))
#13 D:\SITES\laravel_v0\laravel\vendor\compiled.php(6944): Illuminate\Routing\Router->runRouteWithinStack(Object(Illuminate\Routing\Route), Object(Illuminate\Http\Request))
#14 D:\SITES\laravel_v0\laravel\vendor\compiled.php(6929): Illuminate\Routing\Router->dispatchToRoute(Object(Illuminate\Http\Request))
#15 D:\SITES\laravel_v0\laravel\vendor\compiled.php(1935): Illuminate\Routing\Router->dispatch(Object(Illuminate\Http\Request))
#16 [internal function]: Illuminate\Foundation\Http\Kernel->Illuminate\Foundation\Http\{closure}(Object(Illuminate\Http\Request))
#17 D:\SITES\laravel_v0\laravel\vendor\compiled.php(8952): call_user_func(Object(Closure), Object(Illuminate\Http\Request))
#18 D:\SITES\laravel_v0\laravel\vendor\compiled.php(2438): Illuminate\Pipeline\Pipeline->Illuminate\Pipeline\{closure}(Object(Illuminate\Http\Request))
#19 D:\SITES\laravel_v0\laravel\app\Http\Middleware\VerifyCsrfToken.php(17): Illuminate\Foundation\Http\Middleware\VerifyCsrfToken->handle(Object(Illuminate\Http\Request), Object(Closure))
#20 D:\SITES\laravel_v0\laravel\vendor\compiled.php(8944): App\Http\Middleware\VerifyCsrfToken->handle(Object(Illuminate\Http\Request), Object(Closure))
#21 D:\SITES\laravel_v0\laravel\vendor\compiled.php(12083): Illuminate\Pipeline\Pipeline->Illuminate\Pipeline\{closure}(Object(Illuminate\Http\Request))
#22 D:\SITES\laravel_v0\laravel\vendor\compiled.php(8944): Illuminate\View\Middleware\ShareErrorsFromSession->handle(Object(Illuminate\Http\Request), Object(Closure))
#23 D:\SITES\laravel_v0\laravel\vendor\compiled.php(10785): Illuminate\Pipeline\Pipeline->Illuminate\Pipeline\{closure}(Object(Illuminate\Http\Request))
#24 D:\SITES\laravel_v0\laravel\vendor\compiled.php(8944): Illuminate\Session\Middleware\StartSession->handle(Object(Illuminate\Http\Request), Object(Closure))
#25 D:\SITES\laravel_v0\laravel\vendor\compiled.php(11789): Illuminate\Pipeline\Pipeline->Illuminate\Pipeline\{closure}(Object(Illuminate\Http\Request))
#26 D:\SITES\laravel_v0\laravel\vendor\compiled.php(8944): Illuminate\Cookie\Middleware\AddQueuedCookiesToResponse->handle(Object(Illuminate\Http\Request), Object(Closure))
#27 D:\SITES\laravel_v0\laravel\vendor\compiled.php(11738): Illuminate\Pipeline\Pipeline->Illuminate\Pipeline\{closure}(Object(Illuminate\Http\Request))
#28 D:\SITES\laravel_v0\laravel\vendor\compiled.php(8944): Illuminate\Cookie\Middleware\EncryptCookies->handle(Object(Illuminate\Http\Request), Object(Closure))
#29 D:\SITES\laravel_v0\laravel\vendor\compiled.php(2478): Illuminate\Pipeline\Pipeline->Illuminate\Pipeline\{closure}(Object(Illuminate\Http\Request))
#30 D:\SITES\laravel_v0\laravel\vendor\compiled.php(8944): Illuminate\Foundation\Http\Middleware\CheckForMaintenanceMode->handle(Object(Illuminate\Http\Request), Object(Closure))
#31 [internal function]: Illuminate\Pipeline\Pipeline->Illuminate\Pipeline\{closure}(Object(Illuminate\Http\Request))
#32 D:\SITES\laravel_v0\laravel\vendor\compiled.php(8935): call_user_func(Object(Closure), Object(Illuminate\Http\Request))
#33 D:\SITES\laravel_v0\laravel\vendor\compiled.php(1891): Illuminate\Pipeline\Pipeline->then(Object(Closure))
#34 D:\SITES\laravel_v0\laravel\vendor\compiled.php(1880): Illuminate\Foundation\Http\Kernel->sendRequestThroughRouter(Object(Illuminate\Http\Request))
#35 D:\SITES\laravel_v0\laravel\public\index.php(53): Illuminate\Foundation\Http\Kernel->handle(Object(Illuminate\Http\Request))
#36 {main}  
[2015-05-07 21:05:59] local.ERROR: exception 'ReflectionException' with message 'Class App\Http\Controllers\AccueilController does not exist' in D:\SITES\laravel_v0\laravel\vendor\compiled.php:1029
Stack trace:
#0 D:\SITES\laravel_v0\laravel\vendor\compiled.php(1029): ReflectionClass->__construct('App\\Http\\Contro...')
#1 D:\SITES\laravel_v0\laravel\vendor\compiled.php(980): Illuminate\Container\Container->build('App\\Http\\Contro...', Array)
#2 D:\SITES\laravel_v0\laravel\vendor\compiled.php(1493): Illuminate\Container\Container->make('App\\Http\\Contro...', Array)
#3 D:\SITES\laravel_v0\laravel\vendor\compiled.php(8327): Illuminate\Foundation\Application->make('App\\Http\\Contro...')
#4 D:\SITES\laravel_v0\laravel\vendor\compiled.php(8316): Illuminate\Routing\ControllerDispatcher->makeController('App\\Http\\Contro...')
#5 D:\SITES\laravel_v0\laravel\vendor\compiled.php(7317): Illuminate\Routing\ControllerDispatcher->dispatch(Object(Illuminate\Routing\Route), Object(Illuminate\Http\Request), 'App\\Http\\Contro...', 'index')
#6 D:\SITES\laravel_v0\laravel\vendor\compiled.php(7288): Illuminate\Routing\Route->runWithCustomDispatcher(Object(Illuminate\Http\Request))
#7 D:\SITES\laravel_v0\laravel\vendor\compiled.php(6954): Illuminate\Routing\Route->run(Object(Illuminate\Http\Request))
#8 [internal function]: Illuminate\Routing\Router->Illuminate\Routing\{closure}(Object(Illuminate\Http\Request))
#9 D:\SITES\laravel_v0\laravel\vendor\compiled.php(8952): call_user_func(Object(Closure), Object(Illuminate\Http\Request))
#10 [internal function]: Illuminate\Pipeline\Pipeline->Illuminate\Pipeline\{closure}(Object(Illuminate\Http\Request))
#11 D:\SITES\laravel_v0\laravel\vendor\compiled.php(8935): call_user_func(Object(Closure), Object(Illuminate\Http\Request))
#12 D:\SITES\laravel_v0\laravel\vendor\compiled.php(6955): Illuminate\Pipeline\Pipeline->then(Object(Closure))
#13 D:\SITES\laravel_v0\laravel\vendor\compiled.php(6944): Illuminate\Routing\Router->runRouteWithinStack(Object(Illuminate\Routing\Route), Object(Illuminate\Http\Request))
#14 D:\SITES\laravel_v0\laravel\vendor\compiled.php(6929): Illuminate\Routing\Router->dispatchToRoute(Object(Illuminate\Http\Request))
#15 D:\SITES\laravel_v0\laravel\vendor\compiled.php(1935): Illuminate\Routing\Router->dispatch(Object(Illuminate\Http\Request))
#16 [internal function]: Illuminate\Foundation\Http\Kernel->Illuminate\Foundation\Http\{closure}(Object(Illuminate\Http\Request))
#17 D:\SITES\laravel_v0\laravel\vendor\compiled.php(8952): call_user_func(Object(Closure), Object(Illuminate\Http\Request))
#18 D:\SITES\laravel_v0\laravel\vendor\compiled.php(2438): Illuminate\Pipeline\Pipeline->Illuminate\Pipeline\{closure}(Object(Illuminate\Http\Request))
#19 D:\SITES\laravel_v0\laravel\app\Http\Middleware\VerifyCsrfToken.php(17): Illuminate\Foundation\Http\Middleware\VerifyCsrfToken->handle(Object(Illuminate\Http\Request), Object(Closure))
#20 D:\SITES\laravel_v0\laravel\vendor\compiled.php(8944): App\Http\Middleware\VerifyCsrfToken->handle(Object(Illuminate\Http\Request), Object(Closure))
#21 D:\SITES\laravel_v0\laravel\vendor\compiled.php(12083): Illuminate\Pipeline\Pipeline->Illuminate\Pipeline\{closure}(Object(Illuminate\Http\Request))
#22 D:\SITES\laravel_v0\laravel\vendor\compiled.php(8944): Illuminate\View\Middleware\ShareErrorsFromSession->handle(Object(Illuminate\Http\Request), Object(Closure))
#23 D:\SITES\laravel_v0\laravel\vendor\compiled.php(10785): Illuminate\Pipeline\Pipeline->Illuminate\Pipeline\{closure}(Object(Illuminate\Http\Request))
#24 D:\SITES\laravel_v0\laravel\vendor\compiled.php(8944): Illuminate\Session\Middleware\StartSession->handle(Object(Illuminate\Http\Request), Object(Closure))
#25 D:\SITES\laravel_v0\laravel\vendor\compiled.php(11789): Illuminate\Pipeline\Pipeline->Illuminate\Pipeline\{closure}(Object(Illuminate\Http\Request))
#26 D:\SITES\laravel_v0\laravel\vendor\compiled.php(8944): Illuminate\Cookie\Middleware\AddQueuedCookiesToResponse->handle(Object(Illuminate\Http\Request), Object(Closure))
#27 D:\SITES\laravel_v0\laravel\vendor\compiled.php(11738): Illuminate\Pipeline\Pipeline->Illuminate\Pipeline\{closure}(Object(Illuminate\Http\Request))
#28 D:\SITES\laravel_v0\laravel\vendor\compiled.php(8944): Illuminate\Cookie\Middleware\EncryptCookies->handle(Object(Illuminate\Http\Request), Object(Closure))
#29 D:\SITES\laravel_v0\laravel\vendor\compiled.php(2478): Illuminate\Pipeline\Pipeline->Illuminate\Pipeline\{closure}(Object(Illuminate\Http\Request))
#30 D:\SITES\laravel_v0\laravel\vendor\compiled.php(8944): Illuminate\Foundation\Http\Middleware\CheckForMaintenanceMode->handle(Object(Illuminate\Http\Request), Object(Closure))
#31 [internal function]: Illuminate\Pipeline\Pipeline->Illuminate\Pipeline\{closure}(Object(Illuminate\Http\Request))
#32 D:\SITES\laravel_v0\laravel\vendor\compiled.php(8935): call_user_func(Object(Closure), Object(Illuminate\Http\Request))
#33 D:\SITES\laravel_v0\laravel\vendor\compiled.php(1891): Illuminate\Pipeline\Pipeline->then(Object(Closure))
#34 D:\SITES\laravel_v0\laravel\vendor\compiled.php(1880): Illuminate\Foundation\Http\Kernel->sendRequestThroughRouter(Object(Illuminate\Http\Request))
#35 D:\SITES\laravel_v0\laravel\public\index.php(53): Illuminate\Foundation\Http\Kernel->handle(Object(Illuminate\Http\Request))
#36 {main}  
[2015-05-07 21:08:39] local.ERROR: exception 'ReflectionException' with message 'Class App\Http\Controllers\AccueilController does not exist' in D:\SITES\laravel_v0\laravel\vendor\compiled.php:1029
Stack trace:
#0 D:\SITES\laravel_v0\laravel\vendor\compiled.php(1029): ReflectionClass->__construct('App\\Http\\Contro...')
#1 D:\SITES\laravel_v0\laravel\vendor\compiled.php(980): Illuminate\Container\Container->build('App\\Http\\Contro...', Array)
#2 D:\SITES\laravel_v0\laravel\vendor\compiled.php(1493): Illuminate\Container\Container->make('App\\Http\\Contro...', Array)
#3 D:\SITES\laravel_v0\laravel\vendor\compiled.php(8327): Illuminate\Foundation\Application->make('App\\Http\\Contro...')
#4 D:\SITES\laravel_v0\laravel\vendor\compiled.php(8316): Illuminate\Routing\ControllerDispatcher->makeController('App\\Http\\Contro...')
#5 D:\SITES\laravel_v0\laravel\vendor\compiled.php(7317): Illuminate\Routing\ControllerDispatcher->dispatch(Object(Illuminate\Routing\Route), Object(Illuminate\Http\Request), 'App\\Http\\Contro...', 'index')
#6 D:\SITES\laravel_v0\laravel\vendor\compiled.php(7288): Illuminate\Routing\Route->runWithCustomDispatcher(Object(Illuminate\Http\Request))
#7 D:\SITES\laravel_v0\laravel\vendor\compiled.php(6954): Illuminate\Routing\Route->run(Object(Illuminate\Http\Request))
#8 [internal function]: Illuminate\Routing\Router->Illuminate\Routing\{closure}(Object(Illuminate\Http\Request))
#9 D:\SITES\laravel_v0\laravel\vendor\compiled.php(8952): call_user_func(Object(Closure), Object(Illuminate\Http\Request))
#10 [internal function]: Illuminate\Pipeline\Pipeline->Illuminate\Pipeline\{closure}(Object(Illuminate\Http\Request))
#11 D:\SITES\laravel_v0\laravel\vendor\compiled.php(8935): call_user_func(Object(Closure), Object(Illuminate\Http\Request))
#12 D:\SITES\laravel_v0\laravel\vendor\compiled.php(6955): Illuminate\Pipeline\Pipeline->then(Object(Closure))
#13 D:\SITES\laravel_v0\laravel\vendor\compiled.php(6944): Illuminate\Routing\Router->runRouteWithinStack(Object(Illuminate\Routing\Route), Object(Illuminate\Http\Request))
#14 D:\SITES\laravel_v0\laravel\vendor\compiled.php(6929): Illuminate\Routing\Router->dispatchToRoute(Object(Illuminate\Http\Request))
#15 D:\SITES\laravel_v0\laravel\vendor\compiled.php(1935): Illuminate\Routing\Router->dispatch(Object(Illuminate\Http\Request))
#16 [internal function]: Illuminate\Foundation\Http\Kernel->Illuminate\Foundation\Http\{closure}(Object(Illuminate\Http\Request))
#17 D:\SITES\laravel_v0\laravel\vendor\compiled.php(8952): call_user_func(Object(Closure), Object(Illuminate\Http\Request))
#18 D:\SITES\laravel_v0\laravel\vendor\compiled.php(2438): Illuminate\Pipeline\Pipeline->Illuminate\Pipeline\{closure}(Object(Illuminate\Http\Request))
#19 D:\SITES\laravel_v0\laravel\app\Http\Middleware\VerifyCsrfToken.php(17): Illuminate\Foundation\Http\Middleware\VerifyCsrfToken->handle(Object(Illuminate\Http\Request), Object(Closure))
#20 D:\SITES\laravel_v0\laravel\vendor\compiled.php(8944): App\Http\Middleware\VerifyCsrfToken->handle(Object(Illuminate\Http\Request), Object(Closure))
#21 D:\SITES\laravel_v0\laravel\vendor\compiled.php(12083): Illuminate\Pipeline\Pipeline->Illuminate\Pipeline\{closure}(Object(Illuminate\Http\Request))
#22 D:\SITES\laravel_v0\laravel\vendor\compiled.php(8944): Illuminate\View\Middleware\ShareErrorsFromSession->handle(Object(Illuminate\Http\Request), Object(Closure))
#23 D:\SITES\laravel_v0\laravel\vendor\compiled.php(10785): Illuminate\Pipeline\Pipeline->Illuminate\Pipeline\{closure}(Object(Illuminate\Http\Request))
#24 D:\SITES\laravel_v0\laravel\vendor\compiled.php(8944): Illuminate\Session\Middleware\StartSession->handle(Object(Illuminate\Http\Request), Object(Closure))
#25 D:\SITES\laravel_v0\laravel\vendor\compiled.php(11789): Illuminate\Pipeline\Pipeline->Illuminate\Pipeline\{closure}(Object(Illuminate\Http\Request))
#26 D:\SITES\laravel_v0\laravel\vendor\compiled.php(8944): Illuminate\Cookie\Middleware\AddQueuedCookiesToResponse->handle(Object(Illuminate\Http\Request), Object(Closure))
#27 D:\SITES\laravel_v0\laravel\vendor\compiled.php(11738): Illuminate\Pipeline\Pipeline->Illuminate\Pipeline\{closure}(Object(Illuminate\Http\Request))
#28 D:\SITES\laravel_v0\laravel\vendor\compiled.php(8944): Illuminate\Cookie\Middleware\EncryptCookies->handle(Object(Illuminate\Http\Request), Object(Closure))
#29 D:\SITES\laravel_v0\laravel\vendor\compiled.php(2478): Illuminate\Pipeline\Pipeline->Illuminate\Pipeline\{closure}(Object(Illuminate\Http\Request))
#30 D:\SITES\laravel_v0\laravel\vendor\compiled.php(8944): Illuminate\Foundation\Http\Middleware\CheckForMaintenanceMode->handle(Object(Illuminate\Http\Request), Object(Closure))
#31 [internal function]: Illuminate\Pipeline\Pipeline->Illuminate\Pipeline\{closure}(Object(Illuminate\Http\Request))
#32 D:\SITES\laravel_v0\laravel\vendor\compiled.php(8935): call_user_func(Object(Closure), Object(Illuminate\Http\Request))
#33 D:\SITES\laravel_v0\laravel\vendor\compiled.php(1891): Illuminate\Pipeline\Pipeline->then(Object(Closure))
#34 D:\SITES\laravel_v0\laravel\vendor\compiled.php(1880): Illuminate\Foundation\Http\Kernel->sendRequestThroughRouter(Object(Illuminate\Http\Request))
#35 D:\SITES\laravel_v0\laravel\public\index.php(53): Illuminate\Foundation\Http\Kernel->handle(Object(Illuminate\Http\Request))
#36 {main}  
[2015-05-07 21:08:40] local.ERROR: exception 'ReflectionException' with message 'Class App\Http\Controllers\AccueilController does not exist' in D:\SITES\laravel_v0\laravel\vendor\compiled.php:1029
Stack trace:
#0 D:\SITES\laravel_v0\laravel\vendor\compiled.php(1029): ReflectionClass->__construct('App\\Http\\Contro...')
#1 D:\SITES\laravel_v0\laravel\vendor\compiled.php(980): Illuminate\Container\Container->build('App\\Http\\Contro...', Array)
#2 D:\SITES\laravel_v0\laravel\vendor\compiled.php(1493): Illuminate\Container\Container->make('App\\Http\\Contro...', Array)
#3 D:\SITES\laravel_v0\laravel\vendor\compiled.php(8327): Illuminate\Foundation\Application->make('App\\Http\\Contro...')
#4 D:\SITES\laravel_v0\laravel\vendor\compiled.php(8316): Illuminate\Routing\ControllerDispatcher->makeController('App\\Http\\Contro...')
#5 D:\SITES\laravel_v0\laravel\vendor\compiled.php(7317): Illuminate\Routing\ControllerDispatcher->dispatch(Object(Illuminate\Routing\Route), Object(Illuminate\Http\Request), 'App\\Http\\Contro...', 'index')
#6 D:\SITES\laravel_v0\laravel\vendor\compiled.php(7288): Illuminate\Routing\Route->runWithCustomDispatcher(Object(Illuminate\Http\Request))
#7 D:\SITES\laravel_v0\laravel\vendor\compiled.php(6954): Illuminate\Routing\Route->run(Object(Illuminate\Http\Request))
#8 [internal function]: Illuminate\Routing\Router->Illuminate\Routing\{closure}(Object(Illuminate\Http\Request))
#9 D:\SITES\laravel_v0\laravel\vendor\compiled.php(8952): call_user_func(Object(Closure), Object(Illuminate\Http\Request))
#10 [internal function]: Illuminate\Pipeline\Pipeline->Illuminate\Pipeline\{closure}(Object(Illuminate\Http\Request))
#11 D:\SITES\laravel_v0\laravel\vendor\compiled.php(8935): call_user_func(Object(Closure), Object(Illuminate\Http\Request))
#12 D:\SITES\laravel_v0\laravel\vendor\compiled.php(6955): Illuminate\Pipeline\Pipeline->then(Object(Closure))
#13 D:\SITES\laravel_v0\laravel\vendor\compiled.php(6944): Illuminate\Routing\Router->runRouteWithinStack(Object(Illuminate\Routing\Route), Object(Illuminate\Http\Request))
#14 D:\SITES\laravel_v0\laravel\vendor\compiled.php(6929): Illuminate\Routing\Router->dispatchToRoute(Object(Illuminate\Http\Request))
#15 D:\SITES\laravel_v0\laravel\vendor\compiled.php(1935): Illuminate\Routing\Router->dispatch(Object(Illuminate\Http\Request))
#16 [internal function]: Illuminate\Foundation\Http\Kernel->Illuminate\Foundation\Http\{closure}(Object(Illuminate\Http\Request))
#17 D:\SITES\laravel_v0\laravel\vendor\compiled.php(8952): call_user_func(Object(Closure), Object(Illuminate\Http\Request))
#18 D:\SITES\laravel_v0\laravel\vendor\compiled.php(2438): Illuminate\Pipeline\Pipeline->Illuminate\Pipeline\{closure}(Object(Illuminate\Http\Request))
#19 D:\SITES\laravel_v0\laravel\app\Http\Middleware\VerifyCsrfToken.php(17): Illuminate\Foundation\Http\Middleware\VerifyCsrfToken->handle(Object(Illuminate\Http\Request), Object(Closure))
#20 D:\SITES\laravel_v0\laravel\vendor\compiled.php(8944): App\Http\Middleware\VerifyCsrfToken->handle(Object(Illuminate\Http\Request), Object(Closure))
#21 D:\SITES\laravel_v0\laravel\vendor\compiled.php(12083): Illuminate\Pipeline\Pipeline->Illuminate\Pipeline\{closure}(Object(Illuminate\Http\Request))
#22 D:\SITES\laravel_v0\laravel\vendor\compiled.php(8944): Illuminate\View\Middleware\ShareErrorsFromSession->handle(Object(Illuminate\Http\Request), Object(Closure))
#23 D:\SITES\laravel_v0\laravel\vendor\compiled.php(10785): Illuminate\Pipeline\Pipeline->Illuminate\Pipeline\{closure}(Object(Illuminate\Http\Request))
#24 D:\SITES\laravel_v0\laravel\vendor\compiled.php(8944): Illuminate\Session\Middleware\StartSession->handle(Object(Illuminate\Http\Request), Object(Closure))
#25 D:\SITES\laravel_v0\laravel\vendor\compiled.php(11789): Illuminate\Pipeline\Pipeline->Illuminate\Pipeline\{closure}(Object(Illuminate\Http\Request))
#26 D:\SITES\laravel_v0\laravel\vendor\compiled.php(8944): Illuminate\Cookie\Middleware\AddQueuedCookiesToResponse->handle(Object(Illuminate\Http\Request), Object(Closure))
#27 D:\SITES\laravel_v0\laravel\vendor\compiled.php(11738): Illuminate\Pipeline\Pipeline->Illuminate\Pipeline\{closure}(Object(Illuminate\Http\Request))
#28 D:\SITES\laravel_v0\laravel\vendor\compiled.php(8944): Illuminate\Cookie\Middleware\EncryptCookies->handle(Object(Illuminate\Http\Request), Object(Closure))
#29 D:\SITES\laravel_v0\laravel\vendor\compiled.php(2478): Illuminate\Pipeline\Pipeline->Illuminate\Pipeline\{closure}(Object(Illuminate\Http\Request))
#30 D:\SITES\laravel_v0\laravel\vendor\compiled.php(8944): Illuminate\Foundation\Http\Middleware\CheckForMaintenanceMode->handle(Object(Illuminate\Http\Request), Object(Closure))
#31 [internal function]: Illuminate\Pipeline\Pipeline->Illuminate\Pipeline\{closure}(Object(Illuminate\Http\Request))
#32 D:\SITES\laravel_v0\laravel\vendor\compiled.php(8935): call_user_func(Object(Closure), Object(Illuminate\Http\Request))
#33 D:\SITES\laravel_v0\laravel\vendor\compiled.php(1891): Illuminate\Pipeline\Pipeline->then(Object(Closure))
#34 D:\SITES\laravel_v0\laravel\vendor\compiled.php(1880): Illuminate\Foundation\Http\Kernel->sendRequestThroughRouter(Object(Illuminate\Http\Request))
#35 D:\SITES\laravel_v0\laravel\public\index.php(53): Illuminate\Foundation\Http\Kernel->handle(Object(Illuminate\Http\Request))
#36 {main}  
[2015-05-07 21:31:34] local.ERROR: exception 'ErrorException' with message 'Missing argument 1 for App\Providers\RouteServiceProvider::{closure}()' in D:\SITES\laravel_v0\laravel\app\Http\routes.php:19
Stack trace:
#0 D:\SITES\laravel_v0\laravel\app\Http\routes.php(19): Illuminate\Foundation\Bootstrap\HandleExceptions->handleError(2, 'Missing argumen...', 'D:\\SITES\\larave...', 19, Array)
#1 [internal function]: App\Providers\RouteServiceProvider->{closure}()
#2 D:\SITES\laravel_v0\laravel\vendor\compiled.php(7298): call_user_func_array(Object(Closure), Array)
#3 D:\SITES\laravel_v0\laravel\vendor\compiled.php(7285): Illuminate\Routing\Route->runCallable(Object(Illuminate\Http\Request))
#4 D:\SITES\laravel_v0\laravel\vendor\compiled.php(6954): Illuminate\Routing\Route->run(Object(Illuminate\Http\Request))
#5 [internal function]: Illuminate\Routing\Router->Illuminate\Routing\{closure}(Object(Illuminate\Http\Request))
#6 D:\SITES\laravel_v0\laravel\vendor\compiled.php(8952): call_user_func(Object(Closure), Object(Illuminate\Http\Request))
#7 [internal function]: Illuminate\Pipeline\Pipeline->Illuminate\Pipeline\{closure}(Object(Illuminate\Http\Request))
#8 D:\SITES\laravel_v0\laravel\vendor\compiled.php(8935): call_user_func(Object(Closure), Object(Illuminate\Http\Request))
#9 D:\SITES\laravel_v0\laravel\vendor\compiled.php(6955): Illuminate\Pipeline\Pipeline->then(Object(Closure))
#10 D:\SITES\laravel_v0\laravel\vendor\compiled.php(6944): Illuminate\Routing\Router->runRouteWithinStack(Object(Illuminate\Routing\Route), Object(Illuminate\Http\Request))
#11 D:\SITES\laravel_v0\laravel\vendor\compiled.php(6929): Illuminate\Routing\Router->dispatchToRoute(Object(Illuminate\Http\Request))
#12 D:\SITES\laravel_v0\laravel\vendor\compiled.php(1935): Illuminate\Routing\Router->dispatch(Object(Illuminate\Http\Request))
#13 [internal function]: Illuminate\Foundation\Http\Kernel->Illuminate\Foundation\Http\{closure}(Object(Illuminate\Http\Request))
#14 D:\SITES\laravel_v0\laravel\vendor\compiled.php(8952): call_user_func(Object(Closure), Object(Illuminate\Http\Request))
#15 D:\SITES\laravel_v0\laravel\vendor\compiled.php(2438): Illuminate\Pipeline\Pipeline->Illuminate\Pipeline\{closure}(Object(Illuminate\Http\Request))
#16 D:\SITES\laravel_v0\laravel\app\Http\Middleware\VerifyCsrfToken.php(17): Illuminate\Foundation\Http\Middleware\VerifyCsrfToken->handle(Object(Illuminate\Http\Request), Object(Closure))
#17 D:\SITES\laravel_v0\laravel\vendor\compiled.php(8944): App\Http\Middleware\VerifyCsrfToken->handle(Object(Illuminate\Http\Request), Object(Closure))
#18 D:\SITES\laravel_v0\laravel\vendor\compiled.php(12083): Illuminate\Pipeline\Pipeline->Illuminate\Pipeline\{closure}(Object(Illuminate\Http\Request))
#19 D:\SITES\laravel_v0\laravel\vendor\compiled.php(8944): Illuminate\View\Middleware\ShareErrorsFromSession->handle(Object(Illuminate\Http\Request), Object(Closure))
#20 D:\SITES\laravel_v0\laravel\vendor\compiled.php(10785): Illuminate\Pipeline\Pipeline->Illuminate\Pipeline\{closure}(Object(Illuminate\Http\Request))
#21 D:\SITES\laravel_v0\laravel\vendor\compiled.php(8944): Illuminate\Session\Middleware\StartSession->handle(Object(Illuminate\Http\Request), Object(Closure))
#22 D:\SITES\laravel_v0\laravel\vendor\compiled.php(11789): Illuminate\Pipeline\Pipeline->Illuminate\Pipeline\{closure}(Object(Illuminate\Http\Request))
#23 D:\SITES\laravel_v0\laravel\vendor\compiled.php(8944): Illuminate\Cookie\Middleware\AddQueuedCookiesToResponse->handle(Object(Illuminate\Http\Request), Object(Closure))
#24 D:\SITES\laravel_v0\laravel\vendor\compiled.php(11738): Illuminate\Pipeline\Pipeline->Illuminate\Pipeline\{closure}(Object(Illuminate\Http\Request))
#25 D:\SITES\laravel_v0\laravel\vendor\compiled.php(8944): Illuminate\Cookie\Middleware\EncryptCookies->handle(Object(Illuminate\Http\Request), Object(Closure))
#26 D:\SITES\laravel_v0\laravel\vendor\compiled.php(2478): Illuminate\Pipeline\Pipeline->Illuminate\Pipeline\{closure}(Object(Illuminate\Http\Request))
#27 D:\SITES\laravel_v0\laravel\vendor\compiled.php(8944): Illuminate\Foundation\Http\Middleware\CheckForMaintenanceMode->handle(Object(Illuminate\Http\Request), Object(Closure))
#28 [internal function]: Illuminate\Pipeline\Pipeline->Illuminate\Pipeline\{closure}(Object(Illuminate\Http\Request))
#29 D:\SITES\laravel_v0\laravel\vendor\compiled.php(8935): call_user_func(Object(Closure), Object(Illuminate\Http\Request))
#30 D:\SITES\laravel_v0\laravel\vendor\compiled.php(1891): Illuminate\Pipeline\Pipeline->then(Object(Closure))
#31 D:\SITES\laravel_v0\laravel\vendor\compiled.php(1880): Illuminate\Foundation\Http\Kernel->sendRequestThroughRouter(Object(Illuminate\Http\Request))
#32 D:\SITES\laravel_v0\laravel\public\index.php(53): Illuminate\Foundation\Http\Kernel->handle(Object(Illuminate\Http\Request))
#33 {main}  
[2015-05-07 21:32:22] local.ERROR: exception 'ErrorException' with message 'Missing argument 1 for App\Providers\RouteServiceProvider::{closure}()' in D:\SITES\laravel_v0\laravel\app\Http\routes.php:19
Stack trace:
#0 D:\SITES\laravel_v0\laravel\app\Http\routes.php(19): Illuminate\Foundation\Bootstrap\HandleExceptions->handleError(2, 'Missing argumen...', 'D:\\SITES\\larave...', 19, Array)
#1 [internal function]: App\Providers\RouteServiceProvider->{closure}()
#2 D:\SITES\laravel_v0\laravel\vendor\compiled.php(7298): call_user_func_array(Object(Closure), Array)
#3 D:\SITES\laravel_v0\laravel\vendor\compiled.php(7285): Illuminate\Routing\Route->runCallable(Object(Illuminate\Http\Request))
#4 D:\SITES\laravel_v0\laravel\vendor\compiled.php(6954): Illuminate\Routing\Route->run(Object(Illuminate\Http\Request))
#5 [internal function]: Illuminate\Routing\Router->Illuminate\Routing\{closure}(Object(Illuminate\Http\Request))
#6 D:\SITES\laravel_v0\laravel\vendor\compiled.php(8952): call_user_func(Object(Closure), Object(Illuminate\Http\Request))
#7 [internal function]: Illuminate\Pipeline\Pipeline->Illuminate\Pipeline\{closure}(Object(Illuminate\Http\Request))
#8 D:\SITES\laravel_v0\laravel\vendor\compiled.php(8935): call_user_func(Object(Closure), Object(Illuminate\Http\Request))
#9 D:\SITES\laravel_v0\laravel\vendor\compiled.php(6955): Illuminate\Pipeline\Pipeline->then(Object(Closure))
#10 D:\SITES\laravel_v0\laravel\vendor\compiled.php(6944): Illuminate\Routing\Router->runRouteWithinStack(Object(Illuminate\Routing\Route), Object(Illuminate\Http\Request))
#11 D:\SITES\laravel_v0\laravel\vendor\compiled.php(6929): Illuminate\Routing\Router->dispatchToRoute(Object(Illuminate\Http\Request))
#12 D:\SITES\laravel_v0\laravel\vendor\compiled.php(1935): Illuminate\Routing\Router->dispatch(Object(Illuminate\Http\Request))
#13 [internal function]: Illuminate\Foundation\Http\Kernel->Illuminate\Foundation\Http\{closure}(Object(Illuminate\Http\Request))
#14 D:\SITES\laravel_v0\laravel\vendor\compiled.php(8952): call_user_func(Object(Closure), Object(Illuminate\Http\Request))
#15 D:\SITES\laravel_v0\laravel\vendor\compiled.php(2438): Illuminate\Pipeline\Pipeline->Illuminate\Pipeline\{closure}(Object(Illuminate\Http\Request))
#16 D:\SITES\laravel_v0\laravel\app\Http\Middleware\VerifyCsrfToken.php(17): Illuminate\Foundation\Http\Middleware\VerifyCsrfToken->handle(Object(Illuminate\Http\Request), Object(Closure))
#17 D:\SITES\laravel_v0\laravel\vendor\compiled.php(8944): App\Http\Middleware\VerifyCsrfToken->handle(Object(Illuminate\Http\Request), Object(Closure))
#18 D:\SITES\laravel_v0\laravel\vendor\compiled.php(12083): Illuminate\Pipeline\Pipeline->Illuminate\Pipeline\{closure}(Object(Illuminate\Http\Request))
#19 D:\SITES\laravel_v0\laravel\vendor\compiled.php(8944): Illuminate\View\Middleware\ShareErrorsFromSession->handle(Object(Illuminate\Http\Request), Object(Closure))
#20 D:\SITES\laravel_v0\laravel\vendor\compiled.php(10785): Illuminate\Pipeline\Pipeline->Illuminate\Pipeline\{closure}(Object(Illuminate\Http\Request))
#21 D:\SITES\laravel_v0\laravel\vendor\compiled.php(8944): Illuminate\Session\Middleware\StartSession->handle(Object(Illuminate\Http\Request), Object(Closure))
#22 D:\SITES\laravel_v0\laravel\vendor\compiled.php(11789): Illuminate\Pipeline\Pipeline->Illuminate\Pipeline\{closure}(Object(Illuminate\Http\Request))
#23 D:\SITES\laravel_v0\laravel\vendor\compiled.php(8944): Illuminate\Cookie\Middleware\AddQueuedCookiesToResponse->handle(Object(Illuminate\Http\Request), Object(Closure))
#24 D:\SITES\laravel_v0\laravel\vendor\compiled.php(11738): Illuminate\Pipeline\Pipeline->Illuminate\Pipeline\{closure}(Object(Illuminate\Http\Request))
#25 D:\SITES\laravel_v0\laravel\vendor\compiled.php(8944): Illuminate\Cookie\Middleware\EncryptCookies->handle(Object(Illuminate\Http\Request), Object(Closure))
#26 D:\SITES\laravel_v0\laravel\vendor\compiled.php(2478): Illuminate\Pipeline\Pipeline->Illuminate\Pipeline\{closure}(Object(Illuminate\Http\Request))
#27 D:\SITES\laravel_v0\laravel\vendor\compiled.php(8944): Illuminate\Foundation\Http\Middleware\CheckForMaintenanceMode->handle(Object(Illuminate\Http\Request), Object(Closure))
#28 [internal function]: Illuminate\Pipeline\Pipeline->Illuminate\Pipeline\{closure}(Object(Illuminate\Http\Request))
#29 D:\SITES\laravel_v0\laravel\vendor\compiled.php(8935): call_user_func(Object(Closure), Object(Illuminate\Http\Request))
#30 D:\SITES\laravel_v0\laravel\vendor\compiled.php(1891): Illuminate\Pipeline\Pipeline->then(Object(Closure))
#31 D:\SITES\laravel_v0\laravel\vendor\compiled.php(1880): Illuminate\Foundation\Http\Kernel->sendRequestThroughRouter(Object(Illuminate\Http\Request))
#32 D:\SITES\laravel_v0\laravel\public\index.php(53): Illuminate\Foundation\Http\Kernel->handle(Object(Illuminate\Http\Request))
#33 {main}  
[2015-05-07 21:32:23] local.ERROR: exception 'ErrorException' with message 'Missing argument 1 for App\Providers\RouteServiceProvider::{closure}()' in D:\SITES\laravel_v0\laravel\app\Http\routes.php:19
Stack trace:
#0 D:\SITES\laravel_v0\laravel\app\Http\routes.php(19): Illuminate\Foundation\Bootstrap\HandleExceptions->handleError(2, 'Missing argumen...', 'D:\\SITES\\larave...', 19, Array)
#1 [internal function]: App\Providers\RouteServiceProvider->{closure}()
#2 D:\SITES\laravel_v0\laravel\vendor\compiled.php(7298): call_user_func_array(Object(Closure), Array)
#3 D:\SITES\laravel_v0\laravel\vendor\compiled.php(7285): Illuminate\Routing\Route->runCallable(Object(Illuminate\Http\Request))
#4 D:\SITES\laravel_v0\laravel\vendor\compiled.php(6954): Illuminate\Routing\Route->run(Object(Illuminate\Http\Request))
#5 [internal function]: Illuminate\Routing\Router->Illuminate\Routing\{closure}(Object(Illuminate\Http\Request))
#6 D:\SITES\laravel_v0\laravel\vendor\compiled.php(8952): call_user_func(Object(Closure), Object(Illuminate\Http\Request))
#7 [internal function]: Illuminate\Pipeline\Pipeline->Illuminate\Pipeline\{closure}(Object(Illuminate\Http\Request))
#8 D:\SITES\laravel_v0\laravel\vendor\compiled.php(8935): call_user_func(Object(Closure), Object(Illuminate\Http\Request))
#9 D:\SITES\laravel_v0\laravel\vendor\compiled.php(6955): Illuminate\Pipeline\Pipeline->then(Object(Closure))
#10 D:\SITES\laravel_v0\laravel\vendor\compiled.php(6944): Illuminate\Routing\Router->runRouteWithinStack(Object(Illuminate\Routing\Route), Object(Illuminate\Http\Request))
#11 D:\SITES\laravel_v0\laravel\vendor\compiled.php(6929): Illuminate\Routing\Router->dispatchToRoute(Object(Illuminate\Http\Request))
#12 D:\SITES\laravel_v0\laravel\vendor\compiled.php(1935): Illuminate\Routing\Router->dispatch(Object(Illuminate\Http\Request))
#13 [internal function]: Illuminate\Foundation\Http\Kernel->Illuminate\Foundation\Http\{closure}(Object(Illuminate\Http\Request))
#14 D:\SITES\laravel_v0\laravel\vendor\compiled.php(8952): call_user_func(Object(Closure), Object(Illuminate\Http\Request))
#15 D:\SITES\laravel_v0\laravel\vendor\compiled.php(2438): Illuminate\Pipeline\Pipeline->Illuminate\Pipeline\{closure}(Object(Illuminate\Http\Request))
#16 D:\SITES\laravel_v0\laravel\app\Http\Middleware\VerifyCsrfToken.php(17): Illuminate\Foundation\Http\Middleware\VerifyCsrfToken->handle(Object(Illuminate\Http\Request), Object(Closure))
#17 D:\SITES\laravel_v0\laravel\vendor\compiled.php(8944): App\Http\Middleware\VerifyCsrfToken->handle(Object(Illuminate\Http\Request), Object(Closure))
#18 D:\SITES\laravel_v0\laravel\vendor\compiled.php(12083): Illuminate\Pipeline\Pipeline->Illuminate\Pipeline\{closure}(Object(Illuminate\Http\Request))
#19 D:\SITES\laravel_v0\laravel\vendor\compiled.php(8944): Illuminate\View\Middleware\ShareErrorsFromSession->handle(Object(Illuminate\Http\Request), Object(Closure))
#20 D:\SITES\laravel_v0\laravel\vendor\compiled.php(10785): Illuminate\Pipeline\Pipeline->Illuminate\Pipeline\{closure}(Object(Illuminate\Http\Request))
#21 D:\SITES\laravel_v0\laravel\vendor\compiled.php(8944): Illuminate\Session\Middleware\StartSession->handle(Object(Illuminate\Http\Request), Object(Closure))
#22 D:\SITES\laravel_v0\laravel\vendor\compiled.php(11789): Illuminate\Pipeline\Pipeline->Illuminate\Pipeline\{closure}(Object(Illuminate\Http\Request))
#23 D:\SITES\laravel_v0\laravel\vendor\compiled.php(8944): Illuminate\Cookie\Middleware\AddQueuedCookiesToResponse->handle(Object(Illuminate\Http\Request), Object(Closure))
#24 D:\SITES\laravel_v0\laravel\vendor\compiled.php(11738): Illuminate\Pipeline\Pipeline->Illuminate\Pipeline\{closure}(Object(Illuminate\Http\Request))
#25 D:\SITES\laravel_v0\laravel\vendor\compiled.php(8944): Illuminate\Cookie\Middleware\EncryptCookies->handle(Object(Illuminate\Http\Request), Object(Closure))
#26 D:\SITES\laravel_v0\laravel\vendor\compiled.php(2478): Illuminate\Pipeline\Pipeline->Illuminate\Pipeline\{closure}(Object(Illuminate\Http\Request))
#27 D:\SITES\laravel_v0\laravel\vendor\compiled.php(8944): Illuminate\Foundation\Http\Middleware\CheckForMaintenanceMode->handle(Object(Illuminate\Http\Request), Object(Closure))
#28 [internal function]: Illuminate\Pipeline\Pipeline->Illuminate\Pipeline\{closure}(Object(Illuminate\Http\Request))
#29 D:\SITES\laravel_v0\laravel\vendor\compiled.php(8935): call_user_func(Object(Closure), Object(Illuminate\Http\Request))
#30 D:\SITES\laravel_v0\laravel\vendor\compiled.php(1891): Illuminate\Pipeline\Pipeline->then(Object(Closure))
#31 D:\SITES\laravel_v0\laravel\vendor\compiled.php(1880): Illuminate\Foundation\Http\Kernel->sendRequestThroughRouter(Object(Illuminate\Http\Request))
#32 D:\SITES\laravel_v0\laravel\public\index.php(53): Illuminate\Foundation\Http\Kernel->handle(Object(Illuminate\Http\Request))
#33 {main}  
[2015-05-07 21:32:59] local.ERROR: exception 'InvalidArgumentException' with message 'View [hello] not found.' in D:\SITES\laravel_v0\laravel\vendor\compiled.php:12898
Stack trace:
#0 D:\SITES\laravel_v0\laravel\vendor\compiled.php(12871): Illuminate\View\FileViewFinder->findInPaths('hello', Array)
#1 D:\SITES\laravel_v0\laravel\vendor\compiled.php(12996): Illuminate\View\FileViewFinder->find('hello')
#2 D:\SITES\laravel_v0\laravel\vendor\compiled.php(5301): Illuminate\View\Factory->make('hello')
#3 D:\SITES\laravel_v0\laravel\app\Http\routes.php(21): Illuminate\Support\Facades\Facade::__callStatic('make', Array)
#4 D:\SITES\laravel_v0\laravel\app\Http\routes.php(21): Illuminate\Support\Facades\View::make('hello')
#5 [internal function]: App\Providers\RouteServiceProvider->{closure}()
#6 D:\SITES\laravel_v0\laravel\vendor\compiled.php(7298): call_user_func_array(Object(Closure), Array)
#7 D:\SITES\laravel_v0\laravel\vendor\compiled.php(7285): Illuminate\Routing\Route->runCallable(Object(Illuminate\Http\Request))
#8 D:\SITES\laravel_v0\laravel\vendor\compiled.php(6954): Illuminate\Routing\Route->run(Object(Illuminate\Http\Request))
#9 [internal function]: Illuminate\Routing\Router->Illuminate\Routing\{closure}(Object(Illuminate\Http\Request))
#10 D:\SITES\laravel_v0\laravel\vendor\compiled.php(8952): call_user_func(Object(Closure), Object(Illuminate\Http\Request))
#11 [internal function]: Illuminate\Pipeline\Pipeline->Illuminate\Pipeline\{closure}(Object(Illuminate\Http\Request))
#12 D:\SITES\laravel_v0\laravel\vendor\compiled.php(8935): call_user_func(Object(Closure), Object(Illuminate\Http\Request))
#13 D:\SITES\laravel_v0\laravel\vendor\compiled.php(6955): Illuminate\Pipeline\Pipeline->then(Object(Closure))
#14 D:\SITES\laravel_v0\laravel\vendor\compiled.php(6944): Illuminate\Routing\Router->runRouteWithinStack(Object(Illuminate\Routing\Route), Object(Illuminate\Http\Request))
#15 D:\SITES\laravel_v0\laravel\vendor\compiled.php(6929): Illuminate\Routing\Router->dispatchToRoute(Object(Illuminate\Http\Request))
#16 D:\SITES\laravel_v0\laravel\vendor\compiled.php(1935): Illuminate\Routing\Router->dispatch(Object(Illuminate\Http\Request))
#17 [internal function]: Illuminate\Foundation\Http\Kernel->Illuminate\Foundation\Http\{closure}(Object(Illuminate\Http\Request))
#18 D:\SITES\laravel_v0\laravel\vendor\compiled.php(8952): call_user_func(Object(Closure), Object(Illuminate\Http\Request))
#19 D:\SITES\laravel_v0\laravel\vendor\compiled.php(2438): Illuminate\Pipeline\Pipeline->Illuminate\Pipeline\{closure}(Object(Illuminate\Http\Request))
#20 D:\SITES\laravel_v0\laravel\app\Http\Middleware\VerifyCsrfToken.php(17): Illuminate\Foundation\Http\Middleware\VerifyCsrfToken->handle(Object(Illuminate\Http\Request), Object(Closure))
#21 D:\SITES\laravel_v0\laravel\vendor\compiled.php(8944): App\Http\Middleware\VerifyCsrfToken->handle(Object(Illuminate\Http\Request), Object(Closure))
#22 D:\SITES\laravel_v0\laravel\vendor\compiled.php(12083): Illuminate\Pipeline\Pipeline->Illuminate\Pipeline\{closure}(Object(Illuminate\Http\Request))
#23 D:\SITES\laravel_v0\laravel\vendor\compiled.php(8944): Illuminate\View\Middleware\ShareErrorsFromSession->handle(Object(Illuminate\Http\Request), Object(Closure))
#24 D:\SITES\laravel_v0\laravel\vendor\compiled.php(10785): Illuminate\Pipeline\Pipeline->Illuminate\Pipeline\{closure}(Object(Illuminate\Http\Request))
#25 D:\SITES\laravel_v0\laravel\vendor\compiled.php(8944): Illuminate\Session\Middleware\StartSession->handle(Object(Illuminate\Http\Request), Object(Closure))
#26 D:\SITES\laravel_v0\laravel\vendor\compiled.php(11789): Illuminate\Pipeline\Pipeline->Illuminate\Pipeline\{closure}(Object(Illuminate\Http\Request))
#27 D:\SITES\laravel_v0\laravel\vendor\compiled.php(8944): Illuminate\Cookie\Middleware\AddQueuedCookiesToResponse->handle(Object(Illuminate\Http\Request), Object(Closure))
#28 D:\SITES\laravel_v0\laravel\vendor\compiled.php(11738): Illuminate\Pipeline\Pipeline->Illuminate\Pipeline\{closure}(Object(Illuminate\Http\Request))
#29 D:\SITES\laravel_v0\laravel\vendor\compiled.php(8944): Illuminate\Cookie\Middleware\EncryptCookies->handle(Object(Illuminate\Http\Request), Object(Closure))
#30 D:\SITES\laravel_v0\laravel\vendor\compiled.php(2478): Illuminate\Pipeline\Pipeline->Illuminate\Pipeline\{closure}(Object(Illuminate\Http\Request))
#31 D:\SITES\laravel_v0\laravel\vendor\compiled.php(8944): Illuminate\Foundation\Http\Middleware\CheckForMaintenanceMode->handle(Object(Illuminate\Http\Request), Object(Closure))
#32 [internal function]: Illuminate\Pipeline\Pipeline->Illuminate\Pipeline\{closure}(Object(Illuminate\Http\Request))
#33 D:\SITES\laravel_v0\laravel\vendor\compiled.php(8935): call_user_func(Object(Closure), Object(Illuminate\Http\Request))
#34 D:\SITES\laravel_v0\laravel\vendor\compiled.php(1891): Illuminate\Pipeline\Pipeline->then(Object(Closure))
#35 D:\SITES\laravel_v0\laravel\vendor\compiled.php(1880): Illuminate\Foundation\Http\Kernel->sendRequestThroughRouter(Object(Illuminate\Http\Request))
#36 D:\SITES\laravel_v0\laravel\public\index.php(53): Illuminate\Foundation\Http\Kernel->handle(Object(Illuminate\Http\Request))
#37 {main}  
